#
# A fatal error has been detected by the Java Runtime Environment:
#
#  SIGSEGV (0xb) at pc=0x00007fc2cc311314, pid=1131, tid=1156
#
# JRE version: OpenJDK Runtime Environment 18.9 (11.0.14+8) (build 11.0.14+8)
# Java VM: OpenJDK 64-Bit Server VM 18.9 (11.0.14+8, mixed mode, tiered, compressed oops, g1 gc, linux-amd64)
# Problematic frame:
# V  [libjvm.so+0x653314]
#
# Core dump will be written. Default location: Core dumps may be processed with "/usr/share/apport/apport %p %s %c %d %P %E" (or dumping to /home/gottig/programacion/ArgentinaPrograma/ProyectoIntegrador/portfolio/portfolioBackend/portfolio/core.1131)
#
# If you would like to submit a bug report, please visit:
#   https://bugreport.java.com/bugreport/crash.jsp
#

---------------  S U M M A R Y ------------

Command Line: com.gottig.portfolio.PortfolioApplication

Host: Intel(R) Core(TM) i7-3630QM CPU @ 2.40GHz, 8 cores, 7G, Freedesktop.org 21.08.12 (Flatpak runtime)
Time: Fri Apr 22 15:27:43 2022 -03 elapsed time: 5.270847 seconds (0d 0h 0m 5s)

---------------  T H R E A D  ---------------

Current thread (0x00007fc2701ba800):  JavaThread "C2 CompilerThread1" daemon [_thread_in_native, id=1156, stack(0x00007fc295cd9000,0x00007fc295dda000)]


Current CompileTask:
C2:   5270 3361   !   4       jdk.internal.loader.BuiltinClassLoader::loadClassOrNull (143 bytes)

Stack: [0x00007fc295cd9000,0x00007fc295dda000],  sp=0x00007fc295dd6e10,  free space=1015k
Native frames: (J=compiled Java code, A=aot compiled Java code, j=interpreted, Vv=VM code, C=native code)
V  [libjvm.so+0x653314]
V  [libjvm.so+0xca91c1]
V  [libjvm.so+0x65d8fc]
V  [libjvm.so+0x664625]
V  [libjvm.so+0x58c331]
V  [libjvm.so+0x66d111]
V  [libjvm.so+0x66e380]
V  [libjvm.so+0xe785b9]
V  [libjvm.so+0xe759db]
V  [libjvm.so+0xc54a5e]
C  [libpthread.so.0+0x83ba]


siginfo: si_signo: 11 (SIGSEGV), si_code: 1 (SEGV_MAPERR), si_addr: 0x0000000000000001

Register to memory mapping:

RAX=0x0000000000000001 is an unknown value
RBX=0x00007fc27c01a2e8 points into unknown readable memory: 0x00007fc2ccf1caa8 | a8 ca f1 cc c2 7f 00 00
RCX=0x00007fc258192570 points into unknown readable memory: 0x0000000000000003 | 03 00 00 00 00 00 00 00
RDX=0x0000000000000002 is an unknown value
RSP=0x00007fc295dd6e10 is pointing into the stack for thread: 0x00007fc2701ba800
RBP=0x00007fc295dd6e50 is pointing into the stack for thread: 0x00007fc2701ba800
RSI=0x0000000000000003 is an unknown value
RDI=0x00007fc25c1e5490 points into unknown readable memory: 0x0000000000000000 | 00 00 00 00 00 00 00 00
R8 =0x00007fc25c1a5490 points into unknown readable memory: 0x00007fc27c01a270 | 70 a2 01 7c c2 7f 00 00
R9 =0x00007fc25c000080 points into unknown readable memory: 0x00007fc25c965410 | 10 54 96 5c c2 7f 00 00
R10=0x00007fc258192570 points into unknown readable memory: 0x0000000000000003 | 03 00 00 00 00 00 00 00
R11=0x00007fc25c000820 points into unknown readable memory: 0x00007fc25c000810 | 10 08 00 5c c2 7f 00 00
R12=0x00007fc295dd7ce0 is pointing into the stack for thread: 0x00007fc2701ba800
R13=0x0 is NULL
R14=0x00007fc295dd6f10 is pointing into the stack for thread: 0x00007fc2701ba800
R15=0x00007fc295dd6f20 is pointing into the stack for thread: 0x00007fc2701ba800


Registers:
RAX=0x0000000000000001, RBX=0x00007fc27c01a2e8, RCX=0x00007fc258192570, RDX=0x0000000000000002
RSP=0x00007fc295dd6e10, RBP=0x00007fc295dd6e50, RSI=0x0000000000000003, RDI=0x00007fc25c1e5490
R8 =0x00007fc25c1a5490, R9 =0x00007fc25c000080, R10=0x00007fc258192570, R11=0x00007fc25c000820
R12=0x00007fc295dd7ce0, R13=0x0000000000000000, R14=0x00007fc295dd6f10, R15=0x00007fc295dd6f20
RIP=0x00007fc2cc311314, EFLAGS=0x0000000000010246, CSGSFS=0x002b000000000033, ERR=0x0000000000000006
  TRAPNO=0x000000000000000e

Top of Stack: (sp=0x00007fc295dd6e10)
0x00007fc295dd6e10:   00007fc295dd6ee0 00007fc25c754cc0
0x00007fc295dd6e20:   00007fc295dd7ce0 00007fc295dd7270
0x00007fc295dd6e30:   00007fc295dd6f20 00007fc295dd7100
0x00007fc295dd6e40:   00007fc295dd6f10 00007fc295dd6f40 

Instructions: (pc=0x00007fc2cc311314)
0x00007fc2cc311214:   89 c3 4d 89 3b e9 41 fe ff ff 66 90 49 8b 85 58
0x00007fc2cc311224:   07 00 00 4c 89 f6 48 8d b8 88 09 00 00 e8 ca 5b
0x00007fc2cc311234:   65 00 e9 73 fe ff ff 0f 1f 44 00 00 4c 89 ff 4c
0x00007fc2cc311244:   89 4d b0 44 88 45 bc e8 30 82 5c 00 49 8b 47 10
0x00007fc2cc311254:   41 8b 77 20 4c 8b 4d b0 44 0f b6 45 bc e9 10 fe
0x00007fc2cc311264:   ff ff 66 2e 0f 1f 84 00 00 00 00 00 55 48 89 e5
0x00007fc2cc311274:   41 57 49 89 f7 41 56 41 55 41 54 49 89 fc 53 48
0x00007fc2cc311284:   83 ec 18 8b 9f d0 01 00 00 2b 9f f8 01 00 00 3b
0x00007fc2cc311294:   5e 08 0f 83 fc 01 00 00 49 8b 47 10 48 c7 04 d8
0x00007fc2cc3112a4:   00 00 00 00 49 8b 9c 24 60 02 00 00 48 85 db 74
0x00007fc2cc3112b4:   39 8b 73 28 89 f0 c1 e8 05 41 3b 47 30 0f 82 a0
0x00007fc2cc3112c4:   01 00 00 49 8d 7f 20 e8 e0 46 86 00 45 8b 6f 18
0x00007fc2cc3112d4:   41 8d 45 01 41 89 47 18 45 3b 6f 08 0f 83 c1 01
0x00007fc2cc3112e4:   00 00 49 8b 47 10 4a 89 1c e8 49 8b 9c 24 68 02
0x00007fc2cc3112f4:   00 00 48 85 db 74 3a 8b 73 28 89 f0 c1 e8 05 41
0x00007fc2cc311304:   3b 47 30 0f 82 30 01 00 00 49 8d 7f 20 e8 9a 46
0x00007fc2cc311314:   86 00 45 8b 67 18 41 8d 44 24 01 41 89 47 18 45
0x00007fc2cc311324:   3b 67 08 0f 83 8a 01 00 00 49 8b 47 10 4a 89 1c
0x00007fc2cc311334:   e0 41 8b 4f 18 c7 45 cc 00 00 00 00 85 c9 0f 84
0x00007fc2cc311344:   cb 00 00 00 0f 1f 84 00 00 00 00 00 49 8b 57 10
0x00007fc2cc311354:   8b 45 cc 4c 8b 2c c2 41 8b 55 1c 85 d2 0f 84 9d
0x00007fc2cc311364:   00 00 00 4c 8d 34 d5 00 00 00 00 31 db eb 34 0f
0x00007fc2cc311374:   1f 44 00 00 49 8d 7f 20 e8 2f 46 86 00 41 8b 47
0x00007fc2cc311384:   18 8d 48 01 41 89 4f 18 41 3b 47 08 0f 83 92 00
0x00007fc2cc311394:   00 00 49 8b 4f 10 4c 89 24 c1 48 83 c3 08 49 39
0x00007fc2cc3113a4:   de 74 59 49 8b 45 08 4c 8b 24 18 4d 85 e4 74 ea
0x00007fc2cc3113b4:   41 f6 c4 01 75 e4 49 83 3c 24 fe 74 dd 41 8b 74
0x00007fc2cc3113c4:   24 28 89 f0 c1 e8 05 41 3b 47 30 73 a7 89 f1 49
0x00007fc2cc3113d4:   8b 77 38 ba 01 00 00 00 83 e1 1f 48 8d 34 86 48
0x00007fc2cc3113e4:   d3 e2 8b 06 89 c7 09 d7 89 3e 85 d0 74 8f 48 83
0x00007fc2cc3113f4:   c3 08 49 39 de 75 ac 0f 1f 44 00 00 41 8b 4f 18
0x00007fc2cc311404:   83 45 cc 01 8b 45 cc 39 c8 0f 82 3d ff ff ff 48 


Stack slot to memory mapping:
stack at sp + 0 slots: 0x00007fc295dd6ee0 is pointing into the stack for thread: 0x00007fc2701ba800
stack at sp + 1 slots: 0x00007fc25c754cc0 points into unknown readable memory: 0x00007fc2cce7e1c0 | c0 e1 e7 cc c2 7f 00 00
stack at sp + 2 slots: 0x00007fc295dd7ce0 is pointing into the stack for thread: 0x00007fc2701ba800
stack at sp + 3 slots: 0x00007fc295dd7270 is pointing into the stack for thread: 0x00007fc2701ba800
stack at sp + 4 slots: 0x00007fc295dd6f20 is pointing into the stack for thread: 0x00007fc2701ba800
stack at sp + 5 slots: 0x00007fc295dd7100 is pointing into the stack for thread: 0x00007fc2701ba800
stack at sp + 6 slots: 0x00007fc295dd6f10 is pointing into the stack for thread: 0x00007fc2701ba800
stack at sp + 7 slots: 0x00007fc295dd6f40 is pointing into the stack for thread: 0x00007fc2701ba800


---------------  P R O C E S S  ---------------

Threads class SMR info:
_java_thread_list=0x00007fc2502d42d0, length=12, elements={
0x00007fc2c4017800, 0x00007fc2c4156800, 0x00007fc2c415a800, 0x00007fc2c4198000,
0x00007fc2c419a000, 0x00007fc2c419c800, 0x00007fc2c419e800, 0x00007fc2c41a0800,
0x00007fc2c423e000, 0x00007fc2c4841000, 0x00007fc264008800, 0x00007fc2701ba800
}

Java Threads: ( => current thread )
  0x00007fc2c4017800 JavaThread "main" [_thread_blocked, id=1132, stack(0x00007fc2cb82a000,0x00007fc2cb92b000)]
  0x00007fc2c4156800 JavaThread "Reference Handler" daemon [_thread_blocked, id=1139, stack(0x00007fc29741f000,0x00007fc297520000)]
  0x00007fc2c415a800 JavaThread "Finalizer" daemon [_thread_blocked, id=1140, stack(0x00007fc29731e000,0x00007fc29741f000)]
  0x00007fc2c4198000 JavaThread "Signal Dispatcher" daemon [_thread_blocked, id=1141, stack(0x00007fc296f50000,0x00007fc297051000)]
  0x00007fc2c419a000 JavaThread "Service Thread" daemon [_thread_blocked, id=1142, stack(0x00007fc296e4f000,0x00007fc296f50000)]
  0x00007fc2c419c800 JavaThread "C2 CompilerThread0" daemon [_thread_in_native, id=1143, stack(0x00007fc296d4e000,0x00007fc296e4f000)]
  0x00007fc2c419e800 JavaThread "C1 CompilerThread0" daemon [_thread_blocked, id=1144, stack(0x00007fc296c4d000,0x00007fc296d4e000)]
  0x00007fc2c41a0800 JavaThread "Sweeper thread" daemon [_thread_blocked, id=1145, stack(0x00007fc296b4c000,0x00007fc296c4d000)]
  0x00007fc2c423e000 JavaThread "Common-Cleaner" daemon [_thread_blocked, id=1148, stack(0x00007fc296949000,0x00007fc296a4a000)]
  0x00007fc2c4841000 JavaThread "Thread-0" [_thread_blocked, id=1154, stack(0x00007fc2965dd000,0x00007fc2966de000)]
  0x00007fc264008800 JavaThread "restartedMain" [_thread_in_vm, id=1155, stack(0x00007fc2961da000,0x00007fc2962db000)]
=>0x00007fc2701ba800 JavaThread "C2 CompilerThread1" daemon [_thread_in_native, id=1156, stack(0x00007fc295cd9000,0x00007fc295dda000)]

Other Threads:
  0x00007fc2c414e800 VMThread "VM Thread" [stack: 0x00007fc297522000,0x00007fc297622000] [id=1138]
  0x00007fc2c4231000 WatcherThread [stack: 0x00007fc296a4c000,0x00007fc296b4c000] [id=1147]
  0x00007fc2c402f800 GCTaskThread "GC Thread#0" [stack: 0x00007fc2cb4d3000,0x00007fc2cb5d3000] [id=1133]
  0x00007fc288001000 GCTaskThread "GC Thread#1" [stack: 0x00007fc2962dd000,0x00007fc2963dd000] [id=1153]
  0x00007fc288023800 GCTaskThread "GC Thread#2" [stack: 0x00007fc295ad8000,0x00007fc295bd8000] [id=1158]
  0x00007fc288025000 GCTaskThread "GC Thread#3" [stack: 0x00007fc2959d6000,0x00007fc295ad6000] [id=1159]
  0x00007fc288026800 GCTaskThread "GC Thread#4" [stack: 0x00007fc2958d4000,0x00007fc2959d4000] [id=1160]
  0x00007fc288028800 GCTaskThread "GC Thread#5" [stack: 0x00007fc2957d2000,0x00007fc2958d2000] [id=1161]
  0x00007fc28802a000 GCTaskThread "GC Thread#6" [stack: 0x00007fc2956d0000,0x00007fc2957d0000] [id=1162]
  0x00007fc28802c000 GCTaskThread "GC Thread#7" [stack: 0x00007fc2955ce000,0x00007fc2956ce000] [id=1163]
  0x00007fc2c4061000 ConcurrentGCThread "G1 Main Marker" [stack: 0x00007fc2c8118000,0x00007fc2c8218000] [id=1134]
  0x00007fc2c4062800 ConcurrentGCThread "G1 Conc#0" [stack: 0x00007fc2c8016000,0x00007fc2c8116000] [id=1135]
  0x00007fc2a0001000 ConcurrentGCThread "G1 Conc#1" [stack: 0x00007fc2950cc000,0x00007fc2951cc000] [id=1164]
  0x00007fc2c40eb800 ConcurrentGCThread "G1 Refine#0" [stack: 0x00007fc2a4050000,0x00007fc2a4150000] [id=1136]
  0x00007fc2c40ed800 ConcurrentGCThread "G1 Young RemSet Sampling" [stack: 0x00007fc297f00000,0x00007fc298000000] [id=1137]

Threads with active compile tasks:
C2 CompilerThread0   5275 3365       4       java.util.Arrays::hashCode (56 bytes)
C2 CompilerThread1   5275 3361   !   4       jdk.internal.loader.BuiltinClassLoader::loadClassOrNull (143 bytes)

VM state:not at safepoint (normal execution)

VM Mutex/Monitor currently owned by a thread: None

Heap address: 0x0000000085400000, size: 1964 MB, Compressed Oops mode: 32-bit
Narrow klass base: 0x0000000000000000, Narrow klass shift: 3
Compressed class space size: 1073741824 Address: 0x0000000100000000

Heap:
 garbage-first heap   total 126976K, used 25814K [0x0000000085400000, 0x0000000100000000)
  region size 1024K, 20 young (20480K), 7 survivors (7168K)
 Metaspace       used 34526K, capacity 35599K, committed 35964K, reserved 1081344K
  class space    used 3997K, capacity 4431K, committed 4556K, reserved 1048576K
Heap Regions: E=young(eden), S=young(survivor), O=old, HS=humongous(starts), HC=humongous(continues), CS=collection set, F=free, A=archive, TAMS=top-at-mark-start (previous, next)
|   0|0x0000000085400000, 0x0000000085500000, 0x0000000085500000|100%|HS|  |TAMS 0x0000000085500000, 0x0000000085400000| Complete 
|   1|0x0000000085500000, 0x0000000085600000, 0x0000000085600000|100%| O|  |TAMS 0x0000000085600000, 0x0000000085500000| Untracked 
|   2|0x0000000085600000, 0x0000000085700000, 0x0000000085700000|100%| O|  |TAMS 0x0000000085700000, 0x0000000085600000| Untracked 
|   3|0x0000000085700000, 0x0000000085800000, 0x0000000085800000|100%| O|  |TAMS 0x00000000857ad800, 0x0000000085700000| Untracked 
|   4|0x0000000085800000, 0x0000000085900000, 0x0000000085900000|100%| O|  |TAMS 0x0000000085800000, 0x0000000085800000| Untracked 
|   5|0x0000000085900000, 0x0000000085a00000, 0x0000000085a00000|100%| O|  |TAMS 0x0000000085900000, 0x0000000085900000| Untracked 
|   6|0x0000000085a00000, 0x0000000085a7e200, 0x0000000085b00000| 49%| O|  |TAMS 0x0000000085a00000, 0x0000000085a00000| Untracked 
|   7|0x0000000085b00000, 0x0000000085b00000, 0x0000000085c00000|  0%| F|  |TAMS 0x0000000085b00000, 0x0000000085b00000| Untracked 
|   8|0x0000000085c00000, 0x0000000085c00000, 0x0000000085d00000|  0%| F|  |TAMS 0x0000000085c00000, 0x0000000085c00000| Untracked 
|   9|0x0000000085d00000, 0x0000000085d00000, 0x0000000085e00000|  0%| F|  |TAMS 0x0000000085d00000, 0x0000000085d00000| Untracked 
|  10|0x0000000085e00000, 0x0000000085e00000, 0x0000000085f00000|  0%| F|  |TAMS 0x0000000085e00000, 0x0000000085e00000| Untracked 
|  11|0x0000000085f00000, 0x0000000085f00000, 0x0000000086000000|  0%| F|  |TAMS 0x0000000085f00000, 0x0000000085f00000| Untracked 
|  12|0x0000000086000000, 0x0000000086000000, 0x0000000086100000|  0%| F|  |TAMS 0x0000000086000000, 0x0000000086000000| Untracked 
|  13|0x0000000086100000, 0x0000000086100000, 0x0000000086200000|  0%| F|  |TAMS 0x0000000086100000, 0x0000000086100000| Untracked 
|  14|0x0000000086200000, 0x0000000086200000, 0x0000000086300000|  0%| F|  |TAMS 0x0000000086200000, 0x0000000086200000| Untracked 
|  15|0x0000000086300000, 0x0000000086300000, 0x0000000086400000|  0%| F|  |TAMS 0x0000000086300000, 0x0000000086300000| Untracked 
|  16|0x0000000086400000, 0x0000000086400000, 0x0000000086500000|  0%| F|  |TAMS 0x0000000086400000, 0x0000000086400000| Untracked 
|  17|0x0000000086500000, 0x0000000086500000, 0x0000000086600000|  0%| F|  |TAMS 0x0000000086500000, 0x0000000086500000| Untracked 
|  18|0x0000000086600000, 0x0000000086600000, 0x0000000086700000|  0%| F|  |TAMS 0x0000000086600000, 0x0000000086600000| Untracked 
|  19|0x0000000086700000, 0x0000000086700000, 0x0000000086800000|  0%| F|  |TAMS 0x0000000086700000, 0x0000000086700000| Untracked 
|  20|0x0000000086800000, 0x0000000086800000, 0x0000000086900000|  0%| F|  |TAMS 0x0000000086800000, 0x0000000086800000| Untracked 
|  21|0x0000000086900000, 0x0000000086900000, 0x0000000086a00000|  0%| F|  |TAMS 0x0000000086900000, 0x0000000086900000| Untracked 
|  22|0x0000000086a00000, 0x0000000086a00000, 0x0000000086b00000|  0%| F|  |TAMS 0x0000000086a00000, 0x0000000086a00000| Untracked 
|  23|0x0000000086b00000, 0x0000000086b00000, 0x0000000086c00000|  0%| F|  |TAMS 0x0000000086b00000, 0x0000000086b00000| Untracked 
|  24|0x0000000086c00000, 0x0000000086c00000, 0x0000000086d00000|  0%| F|  |TAMS 0x0000000086c00000, 0x0000000086c00000| Untracked 
|  25|0x0000000086d00000, 0x0000000086d00000, 0x0000000086e00000|  0%| F|  |TAMS 0x0000000086d00000, 0x0000000086d00000| Untracked 
|  26|0x0000000086e00000, 0x0000000086e00000, 0x0000000086f00000|  0%| F|  |TAMS 0x0000000086e00000, 0x0000000086e00000| Untracked 
|  27|0x0000000086f00000, 0x0000000086f00000, 0x0000000087000000|  0%| F|  |TAMS 0x0000000086f00000, 0x0000000086f00000| Untracked 
|  28|0x0000000087000000, 0x0000000087000000, 0x0000000087100000|  0%| F|  |TAMS 0x0000000087000000, 0x0000000087000000| Untracked 
|  29|0x0000000087100000, 0x0000000087100000, 0x0000000087200000|  0%| F|  |TAMS 0x0000000087100000, 0x0000000087100000| Untracked 
|  30|0x0000000087200000, 0x0000000087200000, 0x0000000087300000|  0%| F|  |TAMS 0x0000000087200000, 0x0000000087200000| Untracked 
|  31|0x0000000087300000, 0x0000000087300000, 0x0000000087400000|  0%| F|  |TAMS 0x0000000087300000, 0x0000000087300000| Untracked 
|  32|0x0000000087400000, 0x0000000087400000, 0x0000000087500000|  0%| F|  |TAMS 0x0000000087400000, 0x0000000087400000| Untracked 
|  33|0x0000000087500000, 0x0000000087500000, 0x0000000087600000|  0%| F|  |TAMS 0x0000000087500000, 0x0000000087500000| Untracked 
|  34|0x0000000087600000, 0x0000000087600000, 0x0000000087700000|  0%| F|  |TAMS 0x0000000087600000, 0x0000000087600000| Untracked 
|  35|0x0000000087700000, 0x0000000087700000, 0x0000000087800000|  0%| F|  |TAMS 0x0000000087700000, 0x0000000087700000| Untracked 
|  36|0x0000000087800000, 0x0000000087800000, 0x0000000087900000|  0%| F|  |TAMS 0x0000000087800000, 0x0000000087800000| Untracked 
|  37|0x0000000087900000, 0x0000000087900000, 0x0000000087a00000|  0%| F|  |TAMS 0x0000000087900000, 0x0000000087900000| Untracked 
|  38|0x0000000087a00000, 0x0000000087a00000, 0x0000000087b00000|  0%| F|  |TAMS 0x0000000087a00000, 0x0000000087a00000| Untracked 
|  39|0x0000000087b00000, 0x0000000087b00000, 0x0000000087c00000|  0%| F|  |TAMS 0x0000000087b00000, 0x0000000087b00000| Untracked 
|  40|0x0000000087c00000, 0x0000000087c00000, 0x0000000087d00000|  0%| F|  |TAMS 0x0000000087c00000, 0x0000000087c00000| Untracked 
|  41|0x0000000087d00000, 0x0000000087d00000, 0x0000000087e00000|  0%| F|  |TAMS 0x0000000087d00000, 0x0000000087d00000| Untracked 
|  42|0x0000000087e00000, 0x0000000087e00000, 0x0000000087f00000|  0%| F|  |TAMS 0x0000000087e00000, 0x0000000087e00000| Untracked 
|  43|0x0000000087f00000, 0x0000000087fb7848, 0x0000000088000000| 71%| S|CS|TAMS 0x0000000087f00000, 0x0000000087f00000| Complete 
|  44|0x0000000088000000, 0x0000000088100000, 0x0000000088100000|100%| S|CS|TAMS 0x0000000088000000, 0x0000000088000000| Complete 
|  45|0x0000000088100000, 0x0000000088200000, 0x0000000088200000|100%| S|CS|TAMS 0x0000000088100000, 0x0000000088100000| Complete 
|  46|0x0000000088200000, 0x0000000088300000, 0x0000000088300000|100%| S|CS|TAMS 0x0000000088200000, 0x0000000088200000| Complete 
|  47|0x0000000088300000, 0x0000000088400000, 0x0000000088400000|100%| S|CS|TAMS 0x0000000088300000, 0x0000000088300000| Complete 
|  48|0x0000000088400000, 0x0000000088500000, 0x0000000088500000|100%| S|CS|TAMS 0x0000000088400000, 0x0000000088400000| Complete 
|  49|0x0000000088500000, 0x0000000088600000, 0x0000000088600000|100%| S|CS|TAMS 0x0000000088500000, 0x0000000088500000| Complete 
|  50|0x0000000088600000, 0x0000000088600000, 0x0000000088700000|  0%| F|  |TAMS 0x0000000088600000, 0x0000000088600000| Untracked 
|  51|0x0000000088700000, 0x0000000088700000, 0x0000000088800000|  0%| F|  |TAMS 0x0000000088700000, 0x0000000088700000| Untracked 
|  52|0x0000000088800000, 0x0000000088800000, 0x0000000088900000|  0%| F|  |TAMS 0x0000000088800000, 0x0000000088800000| Untracked 
|  53|0x0000000088900000, 0x0000000088900000, 0x0000000088a00000|  0%| F|  |TAMS 0x0000000088900000, 0x0000000088900000| Untracked 
|  54|0x0000000088a00000, 0x0000000088a00000, 0x0000000088b00000|  0%| F|  |TAMS 0x0000000088a00000, 0x0000000088a00000| Untracked 
|  55|0x0000000088b00000, 0x0000000088b00000, 0x0000000088c00000|  0%| F|  |TAMS 0x0000000088b00000, 0x0000000088b00000| Untracked 
|  56|0x0000000088c00000, 0x0000000088c00000, 0x0000000088d00000|  0%| F|  |TAMS 0x0000000088c00000, 0x0000000088c00000| Untracked 
|  57|0x0000000088d00000, 0x0000000088d00000, 0x0000000088e00000|  0%| F|  |TAMS 0x0000000088d00000, 0x0000000088d00000| Untracked 
|  58|0x0000000088e00000, 0x0000000088e00000, 0x0000000088f00000|  0%| F|  |TAMS 0x0000000088e00000, 0x0000000088e00000| Untracked 
|  59|0x0000000088f00000, 0x0000000088f00000, 0x0000000089000000|  0%| F|  |TAMS 0x0000000088f00000, 0x0000000088f00000| Untracked 
|  60|0x0000000089000000, 0x0000000089000000, 0x0000000089100000|  0%| F|  |TAMS 0x0000000089000000, 0x0000000089000000| Untracked 
|  61|0x0000000089100000, 0x0000000089100000, 0x0000000089200000|  0%| F|  |TAMS 0x0000000089100000, 0x0000000089100000| Untracked 
|  62|0x0000000089200000, 0x0000000089200000, 0x0000000089300000|  0%| F|  |TAMS 0x0000000089200000, 0x0000000089200000| Untracked 
|  63|0x0000000089300000, 0x0000000089300000, 0x0000000089400000|  0%| F|  |TAMS 0x0000000089300000, 0x0000000089300000| Untracked 
|  64|0x0000000089400000, 0x0000000089400000, 0x0000000089500000|  0%| F|  |TAMS 0x0000000089400000, 0x0000000089400000| Untracked 
|  65|0x0000000089500000, 0x0000000089500000, 0x0000000089600000|  0%| F|  |TAMS 0x0000000089500000, 0x0000000089500000| Untracked 
|  66|0x0000000089600000, 0x0000000089600000, 0x0000000089700000|  0%| F|  |TAMS 0x0000000089600000, 0x0000000089600000| Untracked 
|  67|0x0000000089700000, 0x0000000089700000, 0x0000000089800000|  0%| F|  |TAMS 0x0000000089700000, 0x0000000089700000| Untracked 
|  68|0x0000000089800000, 0x0000000089800000, 0x0000000089900000|  0%| F|  |TAMS 0x0000000089800000, 0x0000000089800000| Untracked 
|  69|0x0000000089900000, 0x0000000089900000, 0x0000000089a00000|  0%| F|  |TAMS 0x0000000089900000, 0x0000000089900000| Untracked 
|  70|0x0000000089a00000, 0x0000000089a00000, 0x0000000089b00000|  0%| F|  |TAMS 0x0000000089a00000, 0x0000000089a00000| Untracked 
|  71|0x0000000089b00000, 0x0000000089b00000, 0x0000000089c00000|  0%| F|  |TAMS 0x0000000089b00000, 0x0000000089b00000| Untracked 
|  72|0x0000000089c00000, 0x0000000089c00000, 0x0000000089d00000|  0%| F|  |TAMS 0x0000000089c00000, 0x0000000089c00000| Untracked 
|  73|0x0000000089d00000, 0x0000000089d00000, 0x0000000089e00000|  0%| F|  |TAMS 0x0000000089d00000, 0x0000000089d00000| Untracked 
|  74|0x0000000089e00000, 0x0000000089e00000, 0x0000000089f00000|  0%| F|  |TAMS 0x0000000089e00000, 0x0000000089e00000| Untracked 
|  75|0x0000000089f00000, 0x0000000089f00000, 0x000000008a000000|  0%| F|  |TAMS 0x0000000089f00000, 0x0000000089f00000| Untracked 
|  76|0x000000008a000000, 0x000000008a000000, 0x000000008a100000|  0%| F|  |TAMS 0x000000008a000000, 0x000000008a000000| Untracked 
|  77|0x000000008a100000, 0x000000008a100000, 0x000000008a200000|  0%| F|  |TAMS 0x000000008a100000, 0x000000008a100000| Untracked 
|  78|0x000000008a200000, 0x000000008a200000, 0x000000008a300000|  0%| F|  |TAMS 0x000000008a200000, 0x000000008a200000| Untracked 
|  79|0x000000008a300000, 0x000000008a300000, 0x000000008a400000|  0%| F|  |TAMS 0x000000008a300000, 0x000000008a300000| Untracked 
|  80|0x000000008a400000, 0x000000008a400000, 0x000000008a500000|  0%| F|  |TAMS 0x000000008a400000, 0x000000008a400000| Untracked 
|  81|0x000000008a500000, 0x000000008a500000, 0x000000008a600000|  0%| F|  |TAMS 0x000000008a500000, 0x000000008a500000| Untracked 
|  82|0x000000008a600000, 0x000000008a600000, 0x000000008a700000|  0%| F|  |TAMS 0x000000008a600000, 0x000000008a600000| Untracked 
|  83|0x000000008a700000, 0x000000008a700000, 0x000000008a800000|  0%| F|  |TAMS 0x000000008a700000, 0x000000008a700000| Untracked 
|  84|0x000000008a800000, 0x000000008a800000, 0x000000008a900000|  0%| F|  |TAMS 0x000000008a800000, 0x000000008a800000| Untracked 
|  85|0x000000008a900000, 0x000000008a900000, 0x000000008aa00000|  0%| F|  |TAMS 0x000000008a900000, 0x000000008a900000| Untracked 
|  86|0x000000008aa00000, 0x000000008aa00000, 0x000000008ab00000|  0%| F|  |TAMS 0x000000008aa00000, 0x000000008aa00000| Untracked 
|  87|0x000000008ab00000, 0x000000008ab00000, 0x000000008ac00000|  0%| F|  |TAMS 0x000000008ab00000, 0x000000008ab00000| Untracked 
|  88|0x000000008ac00000, 0x000000008ac00000, 0x000000008ad00000|  0%| F|  |TAMS 0x000000008ac00000, 0x000000008ac00000| Untracked 
|  89|0x000000008ad00000, 0x000000008ad00000, 0x000000008ae00000|  0%| F|  |TAMS 0x000000008ad00000, 0x000000008ad00000| Untracked 
|  90|0x000000008ae00000, 0x000000008ae00000, 0x000000008af00000|  0%| F|  |TAMS 0x000000008ae00000, 0x000000008ae00000| Untracked 
|  91|0x000000008af00000, 0x000000008af00000, 0x000000008b000000|  0%| F|  |TAMS 0x000000008af00000, 0x000000008af00000| Untracked 
|  92|0x000000008b000000, 0x000000008b000000, 0x000000008b100000|  0%| F|  |TAMS 0x000000008b000000, 0x000000008b000000| Untracked 
|  93|0x000000008b100000, 0x000000008b100000, 0x000000008b200000|  0%| F|  |TAMS 0x000000008b100000, 0x000000008b100000| Untracked 
|  94|0x000000008b200000, 0x000000008b200000, 0x000000008b300000|  0%| F|  |TAMS 0x000000008b200000, 0x000000008b200000| Untracked 
|  95|0x000000008b300000, 0x000000008b300000, 0x000000008b400000|  0%| F|  |TAMS 0x000000008b300000, 0x000000008b300000| Untracked 
|  96|0x000000008b400000, 0x000000008b400000, 0x000000008b500000|  0%| F|  |TAMS 0x000000008b400000, 0x000000008b400000| Untracked 
|  97|0x000000008b500000, 0x000000008b500000, 0x000000008b600000|  0%| F|  |TAMS 0x000000008b500000, 0x000000008b500000| Untracked 
|  98|0x000000008b600000, 0x000000008b600000, 0x000000008b700000|  0%| F|  |TAMS 0x000000008b600000, 0x000000008b600000| Untracked 
|  99|0x000000008b700000, 0x000000008b700000, 0x000000008b800000|  0%| F|  |TAMS 0x000000008b700000, 0x000000008b700000| Untracked 
| 100|0x000000008b800000, 0x000000008b800000, 0x000000008b900000|  0%| F|  |TAMS 0x000000008b800000, 0x000000008b800000| Untracked 
| 101|0x000000008b900000, 0x000000008b900000, 0x000000008ba00000|  0%| F|  |TAMS 0x000000008b900000, 0x000000008b900000| Untracked 
| 102|0x000000008ba00000, 0x000000008ba00000, 0x000000008bb00000|  0%| F|  |TAMS 0x000000008ba00000, 0x000000008ba00000| Untracked 
| 103|0x000000008bb00000, 0x000000008bb00000, 0x000000008bc00000|  0%| F|  |TAMS 0x000000008bb00000, 0x000000008bb00000| Untracked 
| 104|0x000000008bc00000, 0x000000008bc00000, 0x000000008bd00000|  0%| F|  |TAMS 0x000000008bc00000, 0x000000008bc00000| Untracked 
| 105|0x000000008bd00000, 0x000000008bd00000, 0x000000008be00000|  0%| F|  |TAMS 0x000000008bd00000, 0x000000008bd00000| Untracked 
| 106|0x000000008be00000, 0x000000008be00000, 0x000000008bf00000|  0%| F|  |TAMS 0x000000008be00000, 0x000000008be00000| Untracked 
| 107|0x000000008bf00000, 0x000000008bf00000, 0x000000008c000000|  0%| F|  |TAMS 0x000000008bf00000, 0x000000008bf00000| Untracked 
| 108|0x000000008c000000, 0x000000008c000000, 0x000000008c100000|  0%| F|  |TAMS 0x000000008c000000, 0x000000008c000000| Untracked 
| 109|0x000000008c100000, 0x000000008c100000, 0x000000008c200000|  0%| F|  |TAMS 0x000000008c100000, 0x000000008c100000| Untracked 
| 110|0x000000008c200000, 0x000000008c200000, 0x000000008c300000|  0%| F|  |TAMS 0x000000008c200000, 0x000000008c200000| Untracked 
| 111|0x000000008c300000, 0x000000008c400000, 0x000000008c400000|100%| E|  |TAMS 0x000000008c300000, 0x000000008c300000| Complete 
| 112|0x000000008c400000, 0x000000008c500000, 0x000000008c500000|100%| E|CS|TAMS 0x000000008c400000, 0x000000008c400000| Complete 
| 113|0x000000008c500000, 0x000000008c600000, 0x000000008c600000|100%| E|CS|TAMS 0x000000008c500000, 0x000000008c500000| Complete 
| 114|0x000000008c600000, 0x000000008c700000, 0x000000008c700000|100%| E|CS|TAMS 0x000000008c600000, 0x000000008c600000| Complete 
| 115|0x000000008c700000, 0x000000008c800000, 0x000000008c800000|100%| E|CS|TAMS 0x000000008c700000, 0x000000008c700000| Complete 
| 116|0x000000008c800000, 0x000000008c900000, 0x000000008c900000|100%| E|CS|TAMS 0x000000008c800000, 0x000000008c800000| Complete 
| 117|0x000000008c900000, 0x000000008ca00000, 0x000000008ca00000|100%| E|CS|TAMS 0x000000008c900000, 0x000000008c900000| Complete 
| 118|0x000000008ca00000, 0x000000008cb00000, 0x000000008cb00000|100%| E|CS|TAMS 0x000000008ca00000, 0x000000008ca00000| Complete 
| 119|0x000000008cb00000, 0x000000008cc00000, 0x000000008cc00000|100%| E|CS|TAMS 0x000000008cb00000, 0x000000008cb00000| Complete 
| 120|0x000000008cc00000, 0x000000008cd00000, 0x000000008cd00000|100%| E|CS|TAMS 0x000000008cc00000, 0x000000008cc00000| Complete 
| 121|0x000000008cd00000, 0x000000008ce00000, 0x000000008ce00000|100%| E|CS|TAMS 0x000000008cd00000, 0x000000008cd00000| Complete 
| 122|0x000000008ce00000, 0x000000008cf00000, 0x000000008cf00000|100%| E|CS|TAMS 0x000000008ce00000, 0x000000008ce00000| Complete 
| 123|0x000000008cf00000, 0x000000008d000000, 0x000000008d000000|100%| E|CS|TAMS 0x000000008cf00000, 0x000000008cf00000| Complete 

Card table byte_map: [0x00007fc2ca51d000,0x00007fc2ca8f3000] _byte_map_base: 0x00007fc2ca0f3000

Marking Bits (Prev, Next): (CMBitMap*) 0x00007fc2c40583b0, (CMBitMap*) 0x00007fc2c4058378
 Prev Bits: [0x00007fc2a6150000, 0x00007fc2a8000000)
 Next Bits: [0x00007fc2c8297000, 0x00007fc2ca147000)

Polling page: 0x00007fc2cd1f5000

Metaspace:

Usage:
  Non-class:     30,44 MB capacity,    29,81 MB ( 98%) used,   517,45 KB (  2%) free+waste,   121,19 KB ( <1%) overhead. 
      Class:      4,33 MB capacity,     3,90 MB ( 90%) used,   375,70 KB (  8%) free+waste,    58,12 KB (  1%) overhead. 
       Both:     34,76 MB capacity,    33,72 MB ( 97%) used,   893,15 KB (  3%) free+waste,   179,31 KB ( <1%) overhead. 

Virtual space:
  Non-class space:       32,00 MB reserved,      30,67 MB ( 96%) committed 
      Class space:        1,00 GB reserved,       4,45 MB ( <1%) committed 
             Both:        1,03 GB reserved,      35,12 MB (  3%) committed 

Chunk freelists:
   Non-Class:  48,00 KB
       Class:  17,00 KB
        Both:  65,00 KB

MaxMetaspaceSize: unlimited
CompressedClassSpaceSize: 1,00 GB
Initial GC threshold: 20,80 MB
Current GC threshold: 35,20 MB
CDS: off

CodeHeap 'non-profiled nmethods': size=120032Kb used=1598Kb max_used=1598Kb free=118433Kb
 bounds [0x00007fc2b4310000, 0x00007fc2b4580000, 0x00007fc2bb848000]
CodeHeap 'profiled nmethods': size=120028Kb used=7679Kb max_used=7679Kb free=112349Kb
 bounds [0x00007fc2acdd9000, 0x00007fc2ad559000, 0x00007fc2b4310000]
CodeHeap 'non-nmethods': size=5700Kb used=1177Kb max_used=1213Kb free=4522Kb
 bounds [0x00007fc2ac848000, 0x00007fc2acab8000, 0x00007fc2acdd9000]
 total_blobs=3816 nmethods=3375 adapters=354
 compilation: enabled
              stopped_count=0, restarted_count=0
 full_count=0

Compilation events (20 events):
Event: 4,963 Thread 0x00007fc2c419e800 nmethod 3354 0x00007fc2ad548810 code [0x00007fc2ad548aa0, 0x00007fc2ad5499d0]
Event: 4,968 Thread 0x00007fc2701ba800 nmethod 3347 0x00007fc2b449b110 code [0x00007fc2b449b320, 0x00007fc2b449bca0]
Event: 5,038 Thread 0x00007fc2c419e800 3355       3       java.util.LinkedHashMap::get (33 bytes)
Event: 5,039 Thread 0x00007fc2c419e800 nmethod 3355 0x00007fc2ad549e10 code [0x00007fc2ad54a000, 0x00007fc2ad54a420]
Event: 5,041 Thread 0x00007fc2c419e800 3356       3       java.util.Locale::getLanguage (8 bytes)
Event: 5,041 Thread 0x00007fc2c419e800 nmethod 3356 0x00007fc2ad54a590 code [0x00007fc2ad54a740, 0x00007fc2ad54a850]
Event: 5,042 Thread 0x00007fc2c419e800 3357       1       java.nio.Buffer::capacity (5 bytes)
Event: 5,042 Thread 0x00007fc2c419e800 nmethod 3357 0x00007fc2b449c210 code [0x00007fc2b449c3c0, 0x00007fc2b449c470]
Event: 5,043 Thread 0x00007fc2c419e800 3358       3       java.io.ExpiringCache::entryFor (57 bytes)
Event: 5,043 Thread 0x00007fc2c419c800 3359       4       java.util.jar.JarFile::maybeInstantiateVerifier (112 bytes)
Event: 5,043 Thread 0x00007fc2c419e800 nmethod 3358 0x00007fc2ad54a910 code [0x00007fc2ad54ab00, 0x00007fc2ad54afb0]
Event: 5,044 Thread 0x00007fc2c419e800 3360       3       java.util.logging.LogManager::getProperty (9 bytes)
Event: 5,044 Thread 0x00007fc2c419e800 nmethod 3360 0x00007fc2ad54b110 code [0x00007fc2ad54b2c0, 0x00007fc2ad54b480]
Event: 5,046 Thread 0x00007fc2701ba800 3361   !   4       jdk.internal.loader.BuiltinClassLoader::loadClassOrNull (143 bytes)
Event: 5,047 Thread 0x00007fc2c419e800 3362       1       java.util.ResourceBundle$CacheKey::getName (5 bytes)
Event: 5,047 Thread 0x00007fc2c419e800 nmethod 3362 0x00007fc2b449c510 code [0x00007fc2b449c6c0, 0x00007fc2b449c770]
Event: 5,053 Thread 0x00007fc2c419c800 nmethod 3359 0x00007fc2b449c810 code [0x00007fc2b449c9e0, 0x00007fc2b449ce18]
Event: 5,054 Thread 0x00007fc2c419c800 3363 %     4       sun.nio.cs.UTF_8$Decoder::decodeArrayLoop @ 73 (691 bytes)
Event: 5,054 Thread 0x00007fc2c419e800 3364       3       java.lang.PublicMethods::toArray (76 bytes)
Event: 5,055 Thread 0x00007fc2c419e800 nmethod 3364 0x00007fc2ad54b590 code [0x00007fc2ad54b7c0, 0x00007fc2ad54c050]

GC Heap History (10 events):
Event: 1,988 GC heap before
{Heap before GC invocations=0 (full 0):
 garbage-first heap   total 126976K, used 24576K [0x0000000085400000, 0x0000000100000000)
  region size 1024K, 24 young (24576K), 0 survivors (0K)
 Metaspace       used 11062K, capacity 11311K, committed 11648K, reserved 1060864K
  class space    used 1049K, capacity 1113K, committed 1152K, reserved 1048576K
}
Event: 1,995 GC heap after
{Heap after GC invocations=1 (full 0):
 garbage-first heap   total 126976K, used 6838K [0x0000000085400000, 0x0000000100000000)
  region size 1024K, 3 young (3072K), 3 survivors (3072K)
 Metaspace       used 11062K, capacity 11311K, committed 11648K, reserved 1060864K
  class space    used 1049K, capacity 1113K, committed 1152K, reserved 1048576K
}
Event: 2,883 GC heap before
{Heap before GC invocations=1 (full 0):
 garbage-first heap   total 126976K, used 78518K [0x0000000085400000, 0x0000000100000000)
  region size 1024K, 74 young (75776K), 3 survivors (3072K)
 Metaspace       used 17929K, capacity 18409K, committed 18560K, reserved 1064960K
  class space    used 1921K, capacity 2091K, committed 2176K, reserved 1048576K
}
Event: 2,890 GC heap after
{Heap after GC invocations=2 (full 0):
 garbage-first heap   total 126976K, used 8349K [0x0000000085400000, 0x0000000100000000)
  region size 1024K, 5 young (5120K), 5 survivors (5120K)
 Metaspace       used 17929K, capacity 18409K, committed 18560K, reserved 1064960K
  class space    used 1921K, capacity 2091K, committed 2176K, reserved 1048576K
}
Event: 3,017 GC heap before
{Heap before GC invocations=2 (full 0):
 garbage-first heap   total 126976K, used 21661K [0x0000000085400000, 0x0000000100000000)
  region size 1024K, 19 young (19456K), 5 survivors (5120K)
 Metaspace       used 20679K, capacity 21195K, committed 21296K, reserved 1069056K
  class space    used 2214K, capacity 2423K, committed 2432K, reserved 1048576K
}
Event: 3,023 GC heap after
{Heap after GC invocations=3 (full 0):
 garbage-first heap   total 126976K, used 8933K [0x0000000085400000, 0x0000000100000000)
  region size 1024K, 6 young (6144K), 6 survivors (6144K)
 Metaspace       used 20679K, capacity 21195K, committed 21296K, reserved 1069056K
  class space    used 2214K, capacity 2423K, committed 2432K, reserved 1048576K
}
Event: 3,307 GC heap before
{Heap before GC invocations=4 (full 0):
 garbage-first heap   total 126976K, used 73445K [0x0000000085400000, 0x0000000100000000)
  region size 1024K, 70 young (71680K), 6 survivors (6144K)
 Metaspace       used 24854K, capacity 25511K, committed 25852K, reserved 1073152K
  class space    used 2752K, capacity 3011K, committed 3148K, reserved 1048576K
}
Event: 3,313 GC heap after
{Heap after GC invocations=5 (full 0):
 garbage-first heap   total 126976K, used 10258K [0x0000000085400000, 0x0000000100000000)
  region size 1024K, 4 young (4096K), 4 survivors (4096K)
 Metaspace       used 24854K, capacity 25511K, committed 25852K, reserved 1073152K
  class space    used 2752K, capacity 3011K, committed 3148K, reserved 1048576K
}
Event: 4,560 GC heap before
{Heap before GC invocations=5 (full 0):
 garbage-first heap   total 126976K, used 81938K [0x0000000085400000, 0x0000000100000000)
  region size 1024K, 74 young (75776K), 4 survivors (4096K)
 Metaspace       used 32157K, capacity 33151K, committed 33276K, reserved 1079296K
  class space    used 3719K, capacity 4108K, committed 4172K, reserved 1048576K
}
Event: 4,565 GC heap after
{Heap after GC invocations=6 (full 0):
 garbage-first heap   total 126976K, used 13526K [0x0000000085400000, 0x0000000100000000)
  region size 1024K, 7 young (7168K), 7 survivors (7168K)
 Metaspace       used 32157K, capacity 33151K, committed 33276K, reserved 1079296K
  class space    used 3719K, capacity 4108K, committed 4172K, reserved 1048576K
}

Deoptimization events (20 events):
Event: 4,534 Thread 0x00007fc264008800 Uncommon trap: trap_request=0xffffffde fr.pc=0x00007fc2b441d3c0 relative=0x0000000000001180
Event: 4,534 Thread 0x00007fc264008800 Uncommon trap: reason=class_check action=maybe_recompile pc=0x00007fc2b441d3c0 method=java.util.concurrent.ConcurrentHashMap.putVal(Ljava/lang/Object;Ljava/lang/Object;Z)Ljava/lang/Object; @ 242 c2
Event: 4,534 Thread 0x00007fc264008800 DEOPT PACKING pc=0x00007fc2b441d3c0 sp=0x00007fc2962d7450
Event: 4,534 Thread 0x00007fc264008800 DEOPT UNPACKING pc=0x00007fc2ac891ea5 sp=0x00007fc2962d73e0 mode 2
Event: 4,585 Thread 0x00007fc264008800 Uncommon trap: trap_request=0xffffffde fr.pc=0x00007fc2b4387660 relative=0x0000000000000100
Event: 4,585 Thread 0x00007fc264008800 Uncommon trap: reason=class_check action=maybe_recompile pc=0x00007fc2b4387660 method=org.springframework.boot.context.properties.source.ConfigurationPropertyName$Elements.charAt(II)C @ 43 c2
Event: 4,585 Thread 0x00007fc264008800 DEOPT PACKING pc=0x00007fc2b4387660 sp=0x00007fc2962d4710
Event: 4,585 Thread 0x00007fc264008800 DEOPT UNPACKING pc=0x00007fc2ac891ea5 sp=0x00007fc2962d46a8 mode 2
Event: 4,618 Thread 0x00007fc264008800 Uncommon trap: trap_request=0xffffff4d fr.pc=0x00007fc2b43dba4c relative=0x000000000000018c
Event: 4,618 Thread 0x00007fc264008800 Uncommon trap: reason=unstable_if action=reinterpret pc=0x00007fc2b43dba4c method=java.util.concurrent.ConcurrentHashMap.get(Ljava/lang/Object;)Ljava/lang/Object; @ 152 c2
Event: 4,618 Thread 0x00007fc264008800 DEOPT PACKING pc=0x00007fc2b43dba4c sp=0x00007fc2962d6950
Event: 4,618 Thread 0x00007fc264008800 DEOPT UNPACKING pc=0x00007fc2ac891ea5 sp=0x00007fc2962d68d8 mode 2
Event: 4,705 Thread 0x00007fc264008800 Uncommon trap: trap_request=0xffffff4d fr.pc=0x00007fc2b4410fa0 relative=0x0000000000000260
Event: 4,705 Thread 0x00007fc264008800 Uncommon trap: reason=unstable_if action=reinterpret pc=0x00007fc2b4410fa0 method=java.util.LinkedHashMap.get(Ljava/lang/Object;)Ljava/lang/Object; @ 20 c2
Event: 4,705 Thread 0x00007fc264008800 DEOPT PACKING pc=0x00007fc2b4410fa0 sp=0x00007fc2962d8180
Event: 4,705 Thread 0x00007fc264008800 DEOPT UNPACKING pc=0x00007fc2ac891ea5 sp=0x00007fc2962d8158 mode 2
Event: 4,891 Thread 0x00007fc264008800 DEOPT PACKING pc=0x00007fc2ad4a08e1 sp=0x00007fc2962d7ad0
Event: 4,891 Thread 0x00007fc264008800 DEOPT UNPACKING pc=0x00007fc2ac89264a sp=0x00007fc2962d6fd0 mode 0
Event: 4,901 Thread 0x00007fc264008800 DEOPT PACKING pc=0x00007fc2ad4a08e1 sp=0x00007fc2962d74d0
Event: 4,901 Thread 0x00007fc264008800 DEOPT UNPACKING pc=0x00007fc2ac89264a sp=0x00007fc2962d69d0 mode 0

Classes redefined (0 events):
No events

Internal exceptions (20 events):
Event: 4,208 Thread 0x00007fc264008800 Exception <a 'java/lang/ClassNotFoundException'{0x00000000897c4bc8}: org/springframework/beans/factory/BeanFactoryAwareCustomizer> (0x00000000897c4bc8) thrown at [src/hotspot/share/classfile/systemDictionary.cpp, line 230]
Event: 4,208 Thread 0x00007fc264008800 Exception <a 'java/lang/ClassNotFoundException'{0x00000000897d4e30}: org/springframework/beans/factory/AwareCustomizer> (0x00000000897d4e30) thrown at [src/hotspot/share/classfile/systemDictionary.cpp, line 230]
Event: 4,208 Thread 0x00007fc264008800 Exception <a 'java/lang/ClassNotFoundException'{0x00000000897e2d00}: org/springframework/core/OrderedCustomizer> (0x00000000897e2d00) thrown at [src/hotspot/share/classfile/systemDictionary.cpp, line 230]
Event: 4,209 Thread 0x00007fc264008800 Exception <a 'java/lang/ClassNotFoundException'{0x00000000897f4318}: org/springframework/beans/factory/BeanClassLoaderAwareCustomizer> (0x00000000897f4318) thrown at [src/hotspot/share/classfile/systemDictionary.cpp, line 230]
Event: 4,209 Thread 0x00007fc264008800 Exception <a 'java/lang/ClassNotFoundException'{0x00000000896056b8}: org/springframework/beans/factory/AwareCustomizer> (0x00000000896056b8) thrown at [src/hotspot/share/classfile/systemDictionary.cpp, line 230]
Event: 4,209 Thread 0x00007fc264008800 Exception <a 'java/lang/ClassNotFoundException'{0x00000000896161c0}: org/springframework/aop/framework/AopInfrastructureBeanCustomizer> (0x00000000896161c0) thrown at [src/hotspot/share/classfile/systemDictionary.cpp, line 230]
Event: 4,246 Thread 0x00007fc264008800 Exception <a 'java/lang/ClassNotFoundException'{0x000000008946d680}: java/lang/ObjectCustomizer> (0x000000008946d680) thrown at [src/hotspot/share/classfile/systemDictionary.cpp, line 230]
Event: 4,246 Thread 0x00007fc264008800 Exception <a 'java/lang/ClassNotFoundException'{0x0000000089486070}: org/springframework/transaction/annotation/AbstractTransactionManagementConfigurationCustomizer> (0x0000000089486070) thrown at [src/hotspot/share/classfile/systemDictionary.cpp, line 230]
Event: 4,247 Thread 0x00007fc264008800 Exception <a 'java/lang/ClassNotFoundException'{0x000000008949d0b8}: org/springframework/transaction/annotation/ProxyTransactionManagementConfigurationCustomizer> (0x000000008949d0b8) thrown at [src/hotspot/share/classfile/systemDictionary.cpp, line 230]
Event: 4,247 Thread 0x00007fc264008800 Exception <a 'java/lang/ClassNotFoundException'{0x00000000894b1c98}: org/springframework/context/annotation/ImportAwareCustomizer> (0x00000000894b1c98) thrown at [src/hotspot/share/classfile/systemDictionary.cpp, line 230]
Event: 4,248 Thread 0x00007fc264008800 Exception <a 'java/lang/ClassNotFoundException'{0x00000000894c2158}: org/springframework/beans/factory/AwareCustomizer> (0x00000000894c2158) thrown at [src/hotspot/share/classfile/systemDictionary.cpp, line 230]
Event: 4,341 Thread 0x00007fc264008800 Exception <a 'java/lang/NoSuchMethodError'{0x00000000891f0988}: 'java.lang.Object java.lang.invoke.DirectMethodHandle$Holder.invokeSpecialIFC(java.lang.Object, java.lang.Object, java.lang.Object)'> (0x00000000891f0988) thrown at [src/hotspot/share/interpreter/linkResolver.cpp, line 772]
Event: 4,409 Thread 0x00007fc264008800 Exception <a 'java/lang/NoSuchMethodError'{0x0000000088fd1930}: 'int java.lang.invoke.DirectMethodHandle$Holder.invokeSpecial(java.lang.Object, java.lang.Object, java.lang.Object, java.lang.Object, java.lang.Object)'> (0x0000000088fd1930) thrown at [src/hotspot/share/interpreter/linkResolver.cpp, line 772]
Event: 4,498 Thread 0x00007fc264008800 Implicit null exception at 0x00007fc2b443214d to 0x00007fc2b4432590
Event: 4,501 Thread 0x00007fc264008800 Exception <a 'java/lang/NoSuchMethodError'{0x0000000088c23288}: 'void java.lang.invoke.DelegatingMethodHandle$Holder.delegate(java.lang.Object, java.lang.Object, int, java.lang.Object)'> (0x0000000088c23288) thrown at [src/hotspot/share/interpreter/linkResolver.cpp, line 772]
Event: 4,515 Thread 0x00007fc264008800 Exception <a 'java/lang/NoSuchMethodError'{0x0000000088cecbd0}: 'void java.lang.invoke.DirectMethodHandle$Holder.invokeStatic(java.lang.Object, java.lang.Object, int)'> (0x0000000088cecbd0) thrown at [src/hotspot/share/interpreter/linkResolver.cpp, line 772]
Event: 4,548 Thread 0x00007fc264008800 Exception <a 'java/lang/NoSuchMethodError'{0x0000000088a69e18}: 'void java.lang.invoke.DirectMethodHandle$Holder.invokeInterface(java.lang.Object, java.lang.Object, int)'> (0x0000000088a69e18) thrown at [src/hotspot/share/interpreter/linkResolver.cpp, line 772]
Event: 4,550 Thread 0x00007fc264008800 Exception <a 'java/lang/NoSuchMethodError'{0x0000000088a82110}: 'int java.lang.invoke.DirectMethodHandle$Holder.invokeVirtual(java.lang.Object, java.lang.Object)'> (0x0000000088a82110) thrown at [src/hotspot/share/interpreter/linkResolver.cpp, line 772]
Event: 4,554 Thread 0x00007fc264008800 Exception <a 'java/lang/IncompatibleClassChangeError'{0x0000000088ab7cf0}: Found class java.lang.Object, but interface was expected> (0x0000000088ab7cf0) thrown at [src/hotspot/share/interpreter/linkResolver.cpp, line 839]
Event: 4,554 Thread 0x00007fc264008800 Exception <a 'java/lang/NoSuchMethodError'{0x0000000088abce68}: 'void java.lang.invoke.DirectMethodHandle$Holder.invokeStatic(java.lang.Object, int, java.lang.Object)'> (0x0000000088abce68) thrown at [src/hotspot/share/interpreter/linkResolver.cpp, line 772]

Events (20 events):
Event: 5,053 loading class org/apache/coyote/http11/upgrade/UpgradeGroupInfo done
Event: 5,053 loading class javax/management/ObjectName
Event: 5,053 loading class javax/management/QueryExp
Event: 5,053 loading class javax/management/QueryExp done
Event: 5,053 loading class javax/management/ObjectName done
Event: 5,055 loading class org/apache/coyote/ProtocolHandler
Event: 5,055 loading class org/apache/coyote/ProtocolHandler done
Event: 5,055 loading class org/springframework/boot/web/embedded/tomcat/TomcatProtocolHandlerCustomizer
Event: 5,055 loading class org/springframework/boot/web/embedded/tomcat/TomcatProtocolHandlerCustomizer done
Event: 5,055 loading class org/apache/coyote/ProtocolHandler
Event: 5,055 loading class org/apache/coyote/ProtocolHandler done
Event: 5,055 loading class org/apache/tomcat/util/buf/B2CConverter
Event: 5,055 loading class org/apache/tomcat/util/buf/B2CConverter done
Event: 5,055 loading class org/apache/tomcat/util/buf/Utf8Decoder
Event: 5,055 loading class org/apache/tomcat/util/buf/Utf8Decoder done
Event: 5,056 loading class org/apache/tomcat/util/buf/CharsetCache
Event: 5,056 loading class org/apache/tomcat/util/buf/CharsetCache done
Event: 5,057 loading class org/apache/tomcat/util/buf/CharsetCache$DummyCharset
Event: 5,057 loading class org/apache/tomcat/util/buf/CharsetCache$DummyCharset done
Event: 5,058 loading class sun/nio/cs/StandardCharsets$Aliases


Dynamic libraries:
85400000-8d000000 rw-p 00000000 00:00 0 
8d000000-100000000 ---p 00000000 00:00 0 
100000000-100473000 rw-p 00000000 00:00 0 
100473000-140000000 ---p 00000000 00:00 0 
55e3ea02d000-55e3ea02e000 r--p 00000000 08:05 2099010                    /app/jdk/bin/java
55e3ea02e000-55e3ea02f000 r-xp 00001000 08:05 2099010                    /app/jdk/bin/java
55e3ea02f000-55e3ea030000 r--p 00002000 08:05 2099010                    /app/jdk/bin/java
55e3ea030000-55e3ea031000 r--p 00002000 08:05 2099010                    /app/jdk/bin/java
55e3ea031000-55e3ea032000 rw-p 00003000 08:05 2099010                    /app/jdk/bin/java
55e3ebdb6000-55e3ebdd7000 rw-p 00000000 00:00 0                          [heap]
7fc238000000-7fc238021000 rw-p 00000000 00:00 0 
7fc238021000-7fc23c000000 ---p 00000000 00:00 0 
7fc23c000000-7fc23c021000 rw-p 00000000 00:00 0 
7fc23c021000-7fc240000000 ---p 00000000 00:00 0 
7fc240000000-7fc240021000 rw-p 00000000 00:00 0 
7fc240021000-7fc244000000 ---p 00000000 00:00 0 
7fc244000000-7fc244021000 rw-p 00000000 00:00 0 
7fc244021000-7fc248000000 ---p 00000000 00:00 0 
7fc248000000-7fc248021000 rw-p 00000000 00:00 0 
7fc248021000-7fc24c000000 ---p 00000000 00:00 0 
7fc24c000000-7fc24c021000 rw-p 00000000 00:00 0 
7fc24c021000-7fc250000000 ---p 00000000 00:00 0 
7fc250000000-7fc2502ea000 rw-p 00000000 00:00 0 
7fc2502ea000-7fc254000000 ---p 00000000 00:00 0 
7fc254000000-7fc254021000 rw-p 00000000 00:00 0 
7fc254021000-7fc258000000 ---p 00000000 00:00 0 
7fc258000000-7fc25890a000 rw-p 00000000 00:00 0 
7fc25890a000-7fc25c000000 ---p 00000000 00:00 0 
7fc25c000000-7fc25ccf4000 rw-p 00000000 00:00 0 
7fc25ccf4000-7fc260000000 ---p 00000000 00:00 0 
7fc260000000-7fc26008e000 rw-p 00000000 00:00 0 
7fc26008e000-7fc264000000 ---p 00000000 00:00 0 
7fc264000000-7fc264021000 rw-p 00000000 00:00 0 
7fc264021000-7fc268000000 ---p 00000000 00:00 0 
7fc268000000-7fc268021000 rw-p 00000000 00:00 0 
7fc268021000-7fc26c000000 ---p 00000000 00:00 0 
7fc26c000000-7fc26c021000 rw-p 00000000 00:00 0 
7fc26c021000-7fc270000000 ---p 00000000 00:00 0 
7fc270000000-7fc270588000 rw-p 00000000 00:00 0 
7fc270588000-7fc274000000 ---p 00000000 00:00 0 
7fc274000000-7fc274021000 rw-p 00000000 00:00 0 
7fc274021000-7fc278000000 ---p 00000000 00:00 0 
7fc278000000-7fc278021000 rw-p 00000000 00:00 0 
7fc278021000-7fc27c000000 ---p 00000000 00:00 0 
7fc27c000000-7fc27ce4d000 rw-p 00000000 00:00 0 
7fc27ce4d000-7fc280000000 ---p 00000000 00:00 0 
7fc280000000-7fc280021000 rw-p 00000000 00:00 0 
7fc280021000-7fc284000000 ---p 00000000 00:00 0 
7fc284000000-7fc284021000 rw-p 00000000 00:00 0 
7fc284021000-7fc288000000 ---p 00000000 00:00 0 
7fc288000000-7fc288073000 rw-p 00000000 00:00 0 
7fc288073000-7fc28c000000 ---p 00000000 00:00 0 
7fc28c000000-7fc28c021000 rw-p 00000000 00:00 0 
7fc28c021000-7fc290000000 ---p 00000000 00:00 0 
7fc290000000-7fc290021000 rw-p 00000000 00:00 0 
7fc290021000-7fc294000000 ---p 00000000 00:00 0 
7fc294370000-7fc294430000 rw-p 00000000 00:00 0 
7fc294430000-7fc294570000 ---p 00000000 00:00 0 
7fc294570000-7fc294770000 rw-p 00000000 00:00 0 
7fc294770000-7fc294970000 rw-p 00000000 00:00 0 
7fc294970000-7fc294b70000 rw-p 00000000 00:00 0 
7fc294c97000-7fc294c9f000 r--p 00000000 08:05 2361767                    /app/jdk/lib/libsunec.so
7fc294c9f000-7fc294cb9000 r-xp 00008000 08:05 2361767                    /app/jdk/lib/libsunec.so
7fc294cb9000-7fc294cc3000 r--p 00022000 08:05 2361767                    /app/jdk/lib/libsunec.so
7fc294cc3000-7fc294cc4000 ---p 0002c000 08:05 2361767                    /app/jdk/lib/libsunec.so
7fc294cc4000-7fc294cc8000 r--p 0002c000 08:05 2361767                    /app/jdk/lib/libsunec.so
7fc294cc8000-7fc294cca000 rw-p 00030000 08:05 2361767                    /app/jdk/lib/libsunec.so
7fc294cca000-7fc294eca000 rw-p 00000000 00:00 0 
7fc294eca000-7fc2950ca000 rw-p 00000000 00:00 0 
7fc2950ca000-7fc2950cb000 ---p 00000000 00:00 0 
7fc2950cb000-7fc2953b8000 rw-p 00000000 00:00 0 
7fc2953b8000-7fc2953cc000 ---p 00000000 00:00 0 
7fc2953cc000-7fc2955cc000 rw-p 00000000 00:00 0 
7fc2955cc000-7fc2955cd000 ---p 00000000 00:00 0 
7fc2955cd000-7fc2956ce000 rw-p 00000000 00:00 0 
7fc2956ce000-7fc2956cf000 ---p 00000000 00:00 0 
7fc2956cf000-7fc2957d0000 rw-p 00000000 00:00 0 
7fc2957d0000-7fc2957d1000 ---p 00000000 00:00 0 
7fc2957d1000-7fc2958d2000 rw-p 00000000 00:00 0 
7fc2958d2000-7fc2958d3000 ---p 00000000 00:00 0 
7fc2958d3000-7fc2959d4000 rw-p 00000000 00:00 0 
7fc2959d4000-7fc2959d5000 ---p 00000000 00:00 0 
7fc2959d5000-7fc295ad6000 rw-p 00000000 00:00 0 
7fc295ad6000-7fc295ad7000 ---p 00000000 00:00 0 
7fc295ad7000-7fc295bd8000 rw-p 00000000 00:00 0 
7fc295bd8000-7fc295bdc000 ---p 00000000 00:00 0 
7fc295bdc000-7fc295cd9000 rw-p 00000000 00:00 0 
7fc295cd9000-7fc295cdd000 ---p 00000000 00:00 0 
7fc295cdd000-7fc295fda000 rw-p 00000000 00:00 0 
7fc295fda000-7fc2961da000 rw-p 00000000 00:00 0 
7fc2961da000-7fc2961de000 ---p 00000000 00:00 0 
7fc2961de000-7fc2962db000 rw-p 00000000 00:00 0 
7fc2962db000-7fc2962dc000 ---p 00000000 00:00 0 
7fc2962dc000-7fc2965dd000 rw-p 00000000 00:00 0 
7fc2965dd000-7fc2965e1000 ---p 00000000 00:00 0 
7fc2965e1000-7fc2968de000 rw-p 00000000 00:00 0 
7fc2968de000-7fc2968ff000 r--p 00000000 08:05 1479423                    /usr/share/runtime/locale/es/share/es/LC_MESSAGES/libc.mo
7fc2968ff000-7fc296930000 rw-p 00000000 00:00 0 
7fc296930000-7fc296934000 r--p 00000000 08:05 2100832                    /app/jdk/lib/libnet.so
7fc296934000-7fc296943000 r-xp 00004000 08:05 2100832                    /app/jdk/lib/libnet.so
7fc296943000-7fc296947000 r--p 00013000 08:05 2100832                    /app/jdk/lib/libnet.so
7fc296947000-7fc296948000 r--p 00016000 08:05 2100832                    /app/jdk/lib/libnet.so
7fc296948000-7fc296949000 rw-p 00017000 08:05 2100832                    /app/jdk/lib/libnet.so
7fc296949000-7fc29694d000 ---p 00000000 00:00 0 
7fc29694d000-7fc296a4a000 rw-p 00000000 00:00 0 
7fc296a4a000-7fc296a4b000 ---p 00000000 00:00 0 
7fc296a4b000-7fc296b4c000 rw-p 00000000 00:00 0 
7fc296b4c000-7fc296b50000 ---p 00000000 00:00 0 
7fc296b50000-7fc296c4d000 rw-p 00000000 00:00 0 
7fc296c4d000-7fc296c51000 ---p 00000000 00:00 0 
7fc296c51000-7fc296d4e000 rw-p 00000000 00:00 0 
7fc296d4e000-7fc296d52000 ---p 00000000 00:00 0 
7fc296d52000-7fc296e4f000 rw-p 00000000 00:00 0 
7fc296e4f000-7fc296e53000 ---p 00000000 00:00 0 
7fc296e53000-7fc296f50000 rw-p 00000000 00:00 0 
7fc296f50000-7fc296f54000 ---p 00000000 00:00 0 
7fc296f54000-7fc297051000 rw-p 00000000 00:00 0 
7fc297051000-7fc2970a6000 r--p 00000000 08:05 1494429                    /usr/share/runtime/locale/es/lib/es_AR.utf8/LC_CTYPE
7fc2970a6000-7fc29731e000 r--p 00000000 08:05 1465936                    /usr/share/runtime/locale/es/lib/es_AR.utf8/LC_COLLATE
7fc29731e000-7fc297322000 ---p 00000000 00:00 0 
7fc297322000-7fc29741f000 rw-p 00000000 00:00 0 
7fc29741f000-7fc297423000 ---p 00000000 00:00 0 
7fc297423000-7fc297520000 rw-p 00000000 00:00 0 
7fc297520000-7fc297521000 ---p 00000000 00:00 0 
7fc297521000-7fc297efe000 rw-p 00000000 00:00 0 
7fc297efe000-7fc297eff000 ---p 00000000 00:00 0 
7fc297eff000-7fc298000000 rw-p 00000000 00:00 0 
7fc298000000-7fc298021000 rw-p 00000000 00:00 0 
7fc298021000-7fc29c000000 ---p 00000000 00:00 0 
7fc29c000000-7fc29c021000 rw-p 00000000 00:00 0 
7fc29c021000-7fc2a0000000 ---p 00000000 00:00 0 
7fc2a0000000-7fc2a0021000 rw-p 00000000 00:00 0 
7fc2a0021000-7fc2a4000000 ---p 00000000 00:00 0 
7fc2a4005000-7fc2a404e000 rw-p 00000000 00:00 0 
7fc2a404e000-7fc2a404f000 ---p 00000000 00:00 0 
7fc2a404f000-7fc2a6340000 rw-p 00000000 00:00 0 
7fc2a6340000-7fc2a8000000 ---p 00000000 00:00 0 
7fc2a8000000-7fc2a8021000 rw-p 00000000 00:00 0 
7fc2a8021000-7fc2ac000000 ---p 00000000 00:00 0 
7fc2ac00b000-7fc2ac012000 r--p 00000000 08:05 2101953                    /app/jdk/lib/libnio.so
7fc2ac012000-7fc2ac01a000 r-xp 00007000 08:05 2101953                    /app/jdk/lib/libnio.so
7fc2ac01a000-7fc2ac01d000 r--p 0000f000 08:05 2101953                    /app/jdk/lib/libnio.so
7fc2ac01d000-7fc2ac01e000 r--p 00011000 08:05 2101953                    /app/jdk/lib/libnio.so
7fc2ac01e000-7fc2ac01f000 rw-p 00012000 08:05 2101953                    /app/jdk/lib/libnio.so
7fc2ac01f000-7fc2ac848000 rw-p 00000000 00:00 0 
7fc2ac848000-7fc2acab8000 rwxp 00000000 00:00 0 
7fc2acab8000-7fc2acdd9000 ---p 00000000 00:00 0 
7fc2acdd9000-7fc2ad559000 rwxp 00000000 00:00 0 
7fc2ad559000-7fc2b4310000 ---p 00000000 00:00 0 
7fc2b4310000-7fc2b4580000 rwxp 00000000 00:00 0 
7fc2b4580000-7fc2bb848000 ---p 00000000 00:00 0 
7fc2bb848000-7fc2c4000000 r--s 00000000 08:05 2102718                    /app/jdk/lib/modules
7fc2c4000000-7fc2c484d000 rw-p 00000000 00:00 0 
7fc2c484d000-7fc2c8000000 ---p 00000000 00:00 0 
7fc2c8003000-7fc2c8005000 r--p 00000000 08:05 2097899                    /app/jdk/lib/libmanagement_ext.so
7fc2c8005000-7fc2c8008000 r-xp 00002000 08:05 2097899                    /app/jdk/lib/libmanagement_ext.so
7fc2c8008000-7fc2c8009000 r--p 00005000 08:05 2097899                    /app/jdk/lib/libmanagement_ext.so
7fc2c8009000-7fc2c800a000 ---p 00006000 08:05 2097899                    /app/jdk/lib/libmanagement_ext.so
7fc2c800a000-7fc2c800b000 r--p 00006000 08:05 2097899                    /app/jdk/lib/libmanagement_ext.so
7fc2c800b000-7fc2c800c000 rw-p 00007000 08:05 2097899                    /app/jdk/lib/libmanagement_ext.so
7fc2c800c000-7fc2c800f000 r--p 00000000 08:05 2102398                    /app/jdk/lib/libmanagement.so
7fc2c800f000-7fc2c8010000 r-xp 00003000 08:05 2102398                    /app/jdk/lib/libmanagement.so
7fc2c8010000-7fc2c8011000 r--p 00004000 08:05 2102398                    /app/jdk/lib/libmanagement.so
7fc2c8011000-7fc2c8012000 r--p 00004000 08:05 2102398                    /app/jdk/lib/libmanagement.so
7fc2c8012000-7fc2c8013000 rw-p 00005000 08:05 2102398                    /app/jdk/lib/libmanagement.so
7fc2c8013000-7fc2c8014000 r--p 00000000 08:05 1466064                    /usr/share/runtime/locale/es/lib/es_AR.utf8/LC_NUMERIC
7fc2c8014000-7fc2c8015000 ---p 00000000 00:00 0 
7fc2c8015000-7fc2c8116000 rw-p 00000000 00:00 0 
7fc2c8116000-7fc2c8117000 ---p 00000000 00:00 0 
7fc2c8117000-7fc2c8487000 rw-p 00000000 00:00 0 
7fc2c8487000-7fc2ca147000 ---p 00000000 00:00 0 
7fc2ca147000-7fc2ca185000 rw-p 00000000 00:00 0 
7fc2ca185000-7fc2ca51d000 ---p 00000000 00:00 0 
7fc2ca51d000-7fc2ca55b000 rw-p 00000000 00:00 0 
7fc2ca55b000-7fc2ca8f3000 ---p 00000000 00:00 0 
7fc2ca8f3000-7fc2ca931000 rw-p 00000000 00:00 0 
7fc2ca931000-7fc2cacc9000 ---p 00000000 00:00 0 
7fc2cacc9000-7fc2cb4d1000 rw-p 00000000 00:00 0 
7fc2cb4d1000-7fc2cb4d2000 ---p 00000000 00:00 0 
7fc2cb4d2000-7fc2cb5d8000 rw-p 00000000 00:00 0 
7fc2cb5d8000-7fc2cb6be000 ---p 00000000 00:00 0 
7fc2cb6be000-7fc2cb6cd000 rw-p 00000000 00:00 0 
7fc2cb6cd000-7fc2cb7a9000 ---p 00000000 00:00 0 
7fc2cb7a9000-7fc2cb7ae000 rw-p 00000000 00:00 0 
7fc2cb7ae000-7fc2cb7b5000 ---p 00000000 00:00 0 
7fc2cb7b5000-7fc2cb7b7000 r--p 00000000 08:05 2102455                    /app/jdk/lib/libzip.so
7fc2cb7b7000-7fc2cb7bb000 r-xp 00002000 08:05 2102455                    /app/jdk/lib/libzip.so
7fc2cb7bb000-7fc2cb7bd000 r--p 00006000 08:05 2102455                    /app/jdk/lib/libzip.so
7fc2cb7bd000-7fc2cb7be000 r--p 00007000 08:05 2102455                    /app/jdk/lib/libzip.so
7fc2cb7be000-7fc2cb7bf000 rw-p 00008000 08:05 2102455                    /app/jdk/lib/libzip.so
7fc2cb7bf000-7fc2cb7c2000 r--p 00000000 08:05 1502565                    /usr/lib/x86_64-linux-gnu/libnss_files-2.33.so
7fc2cb7c2000-7fc2cb7c9000 r-xp 00003000 08:05 1502565                    /usr/lib/x86_64-linux-gnu/libnss_files-2.33.so
7fc2cb7c9000-7fc2cb7cb000 r--p 0000a000 08:05 1502565                    /usr/lib/x86_64-linux-gnu/libnss_files-2.33.so
7fc2cb7cb000-7fc2cb7cc000 r--p 0000b000 08:05 1502565                    /usr/lib/x86_64-linux-gnu/libnss_files-2.33.so
7fc2cb7cc000-7fc2cb7cd000 rw-p 0000c000 08:05 1502565                    /usr/lib/x86_64-linux-gnu/libnss_files-2.33.so
7fc2cb7cd000-7fc2cb7d3000 rw-p 00000000 00:00 0 
7fc2cb7d3000-7fc2cb7d4000 r--p 00000000 08:05 923                        /usr/share/runtime/locale/es/lib/es_AR.utf8/LC_TIME
7fc2cb7d4000-7fc2cb7d5000 r--p 00000000 08:05 1465899                    /usr/share/runtime/locale/es/lib/es_AR.utf8/LC_MONETARY
7fc2cb7d5000-7fc2cb7d6000 r--p 00000000 08:05 1466034                    /usr/share/runtime/locale/es/lib/es_AR.utf8/LC_MESSAGES/SYS_LC_MESSAGES
7fc2cb7d6000-7fc2cb7d7000 r--p 00000000 08:05 1465928                    /usr/share/runtime/locale/es/lib/es_AR.utf8/LC_PAPER
7fc2cb7d7000-7fc2cb7d8000 r--p 00000000 08:05 1465820                    /usr/share/runtime/locale/es/lib/es_AR.utf8/LC_NAME
7fc2cb7d8000-7fc2cb7d9000 r--p 00000000 08:05 1465977                    /usr/share/runtime/locale/es/lib/es_AR.utf8/LC_ADDRESS
7fc2cb7d9000-7fc2cb7e1000 rw-s 00000000 00:36 180                        /tmp/hsperfdata_gottig/1131
7fc2cb7e1000-7fc2cb7ef000 r--p 00000000 08:05 2101980                    /app/jdk/lib/libjava.so
7fc2cb7ef000-7fc2cb805000 r-xp 0000e000 08:05 2101980                    /app/jdk/lib/libjava.so
7fc2cb805000-7fc2cb80b000 r--p 00024000 08:05 2101980                    /app/jdk/lib/libjava.so
7fc2cb80b000-7fc2cb80c000 ---p 0002a000 08:05 2101980                    /app/jdk/lib/libjava.so
7fc2cb80c000-7fc2cb80d000 r--p 0002a000 08:05 2101980                    /app/jdk/lib/libjava.so
7fc2cb80d000-7fc2cb80e000 rw-p 0002b000 08:05 2101980                    /app/jdk/lib/libjava.so
7fc2cb80e000-7fc2cb80f000 rw-p 00000000 00:00 0 
7fc2cb80f000-7fc2cb814000 r--p 00000000 08:05 2361771                    /app/jdk/lib/libverify.so
7fc2cb814000-7fc2cb81b000 r-xp 00005000 08:05 2361771                    /app/jdk/lib/libverify.so
7fc2cb81b000-7fc2cb81d000 r--p 0000c000 08:05 2361771                    /app/jdk/lib/libverify.so
7fc2cb81d000-7fc2cb81f000 r--p 0000d000 08:05 2361771                    /app/jdk/lib/libverify.so
7fc2cb81f000-7fc2cb820000 rw-p 0000f000 08:05 2361771                    /app/jdk/lib/libverify.so
7fc2cb820000-7fc2cb822000 r--p 00000000 08:05 1501170                    /usr/lib/x86_64-linux-gnu/librt-2.33.so
7fc2cb822000-7fc2cb826000 r-xp 00002000 08:05 1501170                    /usr/lib/x86_64-linux-gnu/librt-2.33.so
7fc2cb826000-7fc2cb828000 r--p 00006000 08:05 1501170                    /usr/lib/x86_64-linux-gnu/librt-2.33.so
7fc2cb828000-7fc2cb829000 r--p 00007000 08:05 1501170                    /usr/lib/x86_64-linux-gnu/librt-2.33.so
7fc2cb829000-7fc2cb82a000 rw-p 00008000 08:05 1501170                    /usr/lib/x86_64-linux-gnu/librt-2.33.so
7fc2cb82a000-7fc2cb82e000 ---p 00000000 00:00 0 
7fc2cb82e000-7fc2cb92b000 rw-p 00000000 00:00 0 
7fc2cb92b000-7fc2cb92e000 r--p 00000000 08:05 1502643                    /usr/lib/x86_64-linux-gnu/libgcc_s.so.1
7fc2cb92e000-7fc2cb940000 r-xp 00003000 08:05 1502643                    /usr/lib/x86_64-linux-gnu/libgcc_s.so.1
7fc2cb940000-7fc2cb943000 r--p 00015000 08:05 1502643                    /usr/lib/x86_64-linux-gnu/libgcc_s.so.1
7fc2cb943000-7fc2cb944000 r--p 00017000 08:05 1502643                    /usr/lib/x86_64-linux-gnu/libgcc_s.so.1
7fc2cb944000-7fc2cb945000 rw-p 00018000 08:05 1502643                    /usr/lib/x86_64-linux-gnu/libgcc_s.so.1
7fc2cb945000-7fc2cb952000 r--p 00000000 08:05 1506626                    /usr/lib/x86_64-linux-gnu/libm-2.33.so
7fc2cb952000-7fc2cb9f1000 r-xp 0000d000 08:05 1506626                    /usr/lib/x86_64-linux-gnu/libm-2.33.so
7fc2cb9f1000-7fc2cba8c000 r--p 000ac000 08:05 1506626                    /usr/lib/x86_64-linux-gnu/libm-2.33.so
7fc2cba8c000-7fc2cba8d000 r--p 00146000 08:05 1506626                    /usr/lib/x86_64-linux-gnu/libm-2.33.so
7fc2cba8d000-7fc2cba8e000 rw-p 00147000 08:05 1506626                    /usr/lib/x86_64-linux-gnu/libm-2.33.so
7fc2cba8e000-7fc2cbb2f000 r--p 00000000 08:05 1506084                    /usr/lib/x86_64-linux-gnu/libstdc++.so.6.0.29
7fc2cbb2f000-7fc2cbc41000 r-xp 000a1000 08:05 1506084                    /usr/lib/x86_64-linux-gnu/libstdc++.so.6.0.29
7fc2cbc41000-7fc2cbcac000 r--p 001b3000 08:05 1506084                    /usr/lib/x86_64-linux-gnu/libstdc++.so.6.0.29
7fc2cbcac000-7fc2cbcad000 ---p 0021e000 08:05 1506084                    /usr/lib/x86_64-linux-gnu/libstdc++.so.6.0.29
7fc2cbcad000-7fc2cbcb8000 r--p 0021e000 08:05 1506084                    /usr/lib/x86_64-linux-gnu/libstdc++.so.6.0.29
7fc2cbcb8000-7fc2cbcbb000 rw-p 00229000 08:05 1506084                    /usr/lib/x86_64-linux-gnu/libstdc++.so.6.0.29
7fc2cbcbb000-7fc2cbcbe000 rw-p 00000000 00:00 0 
7fc2cbcbe000-7fc2cbf41000 r--p 00000000 08:05 2102713                    /app/jdk/lib/server/libjvm.so
7fc2cbf41000-7fc2ccc1a000 r-xp 00283000 08:05 2102713                    /app/jdk/lib/server/libjvm.so
7fc2ccc1a000-7fc2cce75000 r--p 00f5c000 08:05 2102713                    /app/jdk/lib/server/libjvm.so
7fc2cce75000-7fc2cce76000 ---p 011b7000 08:05 2102713                    /app/jdk/lib/server/libjvm.so
7fc2cce76000-7fc2ccf3a000 r--p 011b7000 08:05 2102713                    /app/jdk/lib/server/libjvm.so
7fc2ccf3a000-7fc2ccf75000 rw-p 0127b000 08:05 2102713                    /app/jdk/lib/server/libjvm.so
7fc2ccf75000-7fc2ccfce000 rw-p 00000000 00:00 0 
7fc2ccfce000-7fc2ccff0000 r--p 00000000 08:05 1505936                    /usr/lib/x86_64-linux-gnu/libc-2.33.so
7fc2ccff0000-7fc2cd144000 r-xp 00022000 08:05 1505936                    /usr/lib/x86_64-linux-gnu/libc-2.33.so
7fc2cd144000-7fc2cd18e000 r--p 00176000 08:05 1505936                    /usr/lib/x86_64-linux-gnu/libc-2.33.so
7fc2cd18e000-7fc2cd192000 r--p 001bf000 08:05 1505936                    /usr/lib/x86_64-linux-gnu/libc-2.33.so
7fc2cd192000-7fc2cd194000 rw-p 001c3000 08:05 1505936                    /usr/lib/x86_64-linux-gnu/libc-2.33.so
7fc2cd194000-7fc2cd19d000 rw-p 00000000 00:00 0 
7fc2cd19d000-7fc2cd19e000 r--p 00000000 08:05 1502594                    /usr/lib/x86_64-linux-gnu/libdl-2.33.so
7fc2cd19e000-7fc2cd1a0000 r-xp 00001000 08:05 1502594                    /usr/lib/x86_64-linux-gnu/libdl-2.33.so
7fc2cd1a0000-7fc2cd1a1000 r--p 00003000 08:05 1502594                    /usr/lib/x86_64-linux-gnu/libdl-2.33.so
7fc2cd1a1000-7fc2cd1a2000 r--p 00003000 08:05 1502594                    /usr/lib/x86_64-linux-gnu/libdl-2.33.so
7fc2cd1a2000-7fc2cd1a3000 rw-p 00004000 08:05 1502594                    /usr/lib/x86_64-linux-gnu/libdl-2.33.so
7fc2cd1a3000-7fc2cd1a6000 r--p 00000000 08:05 2098318                    /app/jdk/lib/jli/libjli.so
7fc2cd1a6000-7fc2cd1b0000 r-xp 00003000 08:05 2098318                    /app/jdk/lib/jli/libjli.so
7fc2cd1b0000-7fc2cd1b3000 r--p 0000d000 08:05 2098318                    /app/jdk/lib/jli/libjli.so
7fc2cd1b3000-7fc2cd1b4000 ---p 00010000 08:05 2098318                    /app/jdk/lib/jli/libjli.so
7fc2cd1b4000-7fc2cd1b5000 r--p 00010000 08:05 2098318                    /app/jdk/lib/jli/libjli.so
7fc2cd1b5000-7fc2cd1b6000 rw-p 00011000 08:05 2098318                    /app/jdk/lib/jli/libjli.so
7fc2cd1b6000-7fc2cd1bc000 r--p 00000000 08:05 1708778                    /usr/lib/x86_64-linux-gnu/libpthread-2.33.so
7fc2cd1bc000-7fc2cd1cb000 r-xp 00006000 08:05 1708778                    /usr/lib/x86_64-linux-gnu/libpthread-2.33.so
7fc2cd1cb000-7fc2cd1d0000 r--p 00015000 08:05 1708778                    /usr/lib/x86_64-linux-gnu/libpthread-2.33.so
7fc2cd1d0000-7fc2cd1d1000 ---p 0001a000 08:05 1708778                    /usr/lib/x86_64-linux-gnu/libpthread-2.33.so
7fc2cd1d1000-7fc2cd1d2000 r--p 0001a000 08:05 1708778                    /usr/lib/x86_64-linux-gnu/libpthread-2.33.so
7fc2cd1d2000-7fc2cd1d3000 rw-p 0001b000 08:05 1708778                    /usr/lib/x86_64-linux-gnu/libpthread-2.33.so
7fc2cd1d3000-7fc2cd1d7000 rw-p 00000000 00:00 0 
7fc2cd1d7000-7fc2cd1da000 r--p 00000000 08:05 1505957                    /usr/lib/x86_64-linux-gnu/libz.so.1.2.11
7fc2cd1da000-7fc2cd1e8000 r-xp 00003000 08:05 1505957                    /usr/lib/x86_64-linux-gnu/libz.so.1.2.11
7fc2cd1e8000-7fc2cd1ee000 r--p 00011000 08:05 1505957                    /usr/lib/x86_64-linux-gnu/libz.so.1.2.11
7fc2cd1ee000-7fc2cd1ef000 r--p 00016000 08:05 1505957                    /usr/lib/x86_64-linux-gnu/libz.so.1.2.11
7fc2cd1ef000-7fc2cd1f0000 rw-p 00017000 08:05 1505957                    /usr/lib/x86_64-linux-gnu/libz.so.1.2.11
7fc2cd1f0000-7fc2cd1f2000 rw-p 00000000 00:00 0 
7fc2cd1f2000-7fc2cd1f3000 r--p 00000000 08:05 1465912                    /usr/share/runtime/locale/es/lib/es_AR.utf8/LC_TELEPHONE
7fc2cd1f3000-7fc2cd1f4000 r--p 00000000 08:05 1465854                    /usr/share/runtime/locale/es/lib/es_AR.utf8/LC_MEASUREMENT
7fc2cd1f4000-7fc2cd1f5000 r--p 00000000 08:05 1466069                    /usr/share/runtime/locale/es/lib/es_AR.utf8/LC_IDENTIFICATION
7fc2cd1f5000-7fc2cd1f6000 ---p 00000000 00:00 0 
7fc2cd1f6000-7fc2cd1f7000 r--p 00000000 00:00 0 
7fc2cd1f7000-7fc2cd1f9000 r--p 00000000 08:05 2361805                    /app/jdk/lib/libjimage.so
7fc2cd1f9000-7fc2cd1fc000 r-xp 00002000 08:05 2361805                    /app/jdk/lib/libjimage.so
7fc2cd1fc000-7fc2cd1fd000 r--p 00005000 08:05 2361805                    /app/jdk/lib/libjimage.so
7fc2cd1fd000-7fc2cd1fe000 ---p 00006000 08:05 2361805                    /app/jdk/lib/libjimage.so
7fc2cd1fe000-7fc2cd1ff000 r--p 00006000 08:05 2361805                    /app/jdk/lib/libjimage.so
7fc2cd1ff000-7fc2cd200000 rw-p 00007000 08:05 2361805                    /app/jdk/lib/libjimage.so
7fc2cd200000-7fc2cd201000 r--p 00000000 08:05 1839776                    /usr/lib/x86_64-linux-gnu/ld-2.33.so
7fc2cd201000-7fc2cd227000 r-xp 00001000 08:05 1839776                    /usr/lib/x86_64-linux-gnu/ld-2.33.so
7fc2cd227000-7fc2cd230000 r--p 00027000 08:05 1839776                    /usr/lib/x86_64-linux-gnu/ld-2.33.so
7fc2cd230000-7fc2cd232000 r--p 0002f000 08:05 1839776                    /usr/lib/x86_64-linux-gnu/ld-2.33.so
7fc2cd232000-7fc2cd234000 rw-p 00031000 08:05 1839776                    /usr/lib/x86_64-linux-gnu/ld-2.33.so
7ffc5e104000-7ffc5e127000 rw-p 00000000 00:00 0                          [stack]
7ffc5e188000-7ffc5e18c000 r--p 00000000 00:00 0                          [vvar]
7ffc5e18c000-7ffc5e18e000 r-xp 00000000 00:00 0                          [vdso]
ffffffffff600000-ffffffffff601000 --xp 00000000 00:00 0                  [vsyscall]


VM Arguments:
java_command: com.gottig.portfolio.PortfolioApplication
java_class_path (initial): /home/gottig/programacion/ArgentinaPrograma/ProyectoIntegrador/portfolio/portfolioBackend/portfolio/target/classes:/home/gottig/.m2/repository/org/springframework/boot/spring-boot-starter-web/2.6.6/spring-boot-starter-web-2.6.6.jar:/home/gottig/.m2/repository/org/springframework/boot/spring-boot-starter/2.6.6/spring-boot-starter-2.6.6.jar:/home/gottig/.m2/repository/org/springframework/boot/spring-boot-starter-logging/2.6.6/spring-boot-starter-logging-2.6.6.jar:/home/gottig/.m2/repository/ch/qos/logback/logback-classic/1.2.11/logback-classic-1.2.11.jar:/home/gottig/.m2/repository/ch/qos/logback/logback-core/1.2.11/logback-core-1.2.11.jar:/home/gottig/.m2/repository/org/apache/logging/log4j/log4j-to-slf4j/2.17.2/log4j-to-slf4j-2.17.2.jar:/home/gottig/.m2/repository/org/apache/logging/log4j/log4j-api/2.17.2/log4j-api-2.17.2.jar:/home/gottig/.m2/repository/org/slf4j/jul-to-slf4j/1.7.36/jul-to-slf4j-1.7.36.jar:/home/gottig/.m2/repository/jakarta/annotation/jakarta.annotation-api/1.3.5/jakarta.annotation-api-1.3.5.jar:/home/gottig/.m2/repository/org/yaml/snakeyaml/1.29/snakeyaml-1.29.jar:/home/gottig/.m2/repository/org/springframework/boot/spring-boot-starter-json/2.6.6/spring-boot-starter-json-2.6.6.jar:/home/gottig/.m2/repository/com/fasterxml/jackson/core/jackson-databind/2.13.2.2/jackson-databind-2.13.2.2.jar:/home/gottig/.m2/repository/com/fasterxml/jackson/core/jackson-annotations/2.13.2/jackson-annotations-2.13.2.jar:/home/gottig/.m2/repository/com/fasterxml/jackson/core/jackson-core/2.13.2/jackson-core-2.13.2.jar:/home/gottig/.m2/repository/com/fasterxml/jackson/datatype/jackson-datatype-jdk8/2.13.2/jackson-datatype-jdk8-2.13.2.jar:/home/gottig/.m2/repository/com/fasterxml/jackson/datatype/jackson-datatype-jsr310/2.13.2/jackson-datatype-jsr310-2.13.2.jar:/home/gottig/.m2/repository/com/fasterxml/jackson/module/jackson-module-parameter-names/2.13.2/jackson-module-parameter-names-2.13.2.jar:/home/gottig/.m2/repository/org/springframewor
Launcher Type: SUN_STANDARD

[Global flags]
     intx CICompilerCount                          = 4                                         {product} {ergonomic}
     uint ConcGCThreads                            = 2                                         {product} {ergonomic}
     uint G1ConcRefinementThreads                  = 8                                         {product} {ergonomic}
   size_t G1HeapRegionSize                         = 1048576                                   {product} {ergonomic}
    uintx GCDrainStackTargetSize                   = 64                                        {product} {ergonomic}
   size_t InitialHeapSize                          = 130023424                                 {product} {ergonomic}
   size_t MarkStackSize                            = 4194304                                   {product} {ergonomic}
   size_t MaxHeapSize                              = 2059403264                                {product} {ergonomic}
   size_t MaxNewSize                               = 1235222528                                {product} {ergonomic}
   size_t MinHeapDeltaBytes                        = 1048576                                   {product} {ergonomic}
    uintx NonNMethodCodeHeapSize                   = 5836300                                {pd product} {ergonomic}
    uintx NonProfiledCodeHeapSize                  = 122910970                              {pd product} {ergonomic}
    uintx ProfiledCodeHeapSize                     = 122910970                              {pd product} {ergonomic}
    uintx ReservedCodeCacheSize                    = 251658240                              {pd product} {ergonomic}
     bool SegmentedCodeCache                       = true                                      {product} {ergonomic}
     bool UseCompressedClassPointers               = true                                 {lp64_product} {ergonomic}
     bool UseCompressedOops                        = true                                 {lp64_product} {ergonomic}
     bool UseG1GC                                  = true                                      {product} {ergonomic}

Logging:
Log output configuration:
 #0: stdout all=warning uptime,level,tags
 #1: stderr all=off uptime,level,tags

Environment Variables:
JAVA_HOME=/app/jdk
PATH=/app/bin:/usr/bin
USERNAME=gottig
SHELL=/bin/sh
DISPLAY=:99.0
LANG=es_AR.UTF-8

Signal Handlers:
SIGSEGV: [libjvm.so+0xee6390], sa_mask[0]=11111111011111111101111111111110, sa_flags=SA_RESTART|SA_SIGINFO
SIGBUS: [libjvm.so+0xee6390], sa_mask[0]=11111111011111111101111111111110, sa_flags=SA_RESTART|SA_SIGINFO
SIGFPE: [libjvm.so+0xee6390], sa_mask[0]=11111111011111111101111111111110, sa_flags=SA_RESTART|SA_SIGINFO
SIGPIPE: [libjvm.so+0xc4a550], sa_mask[0]=11111111011111111101111111111110, sa_flags=SA_RESTART|SA_SIGINFO
SIGXFSZ: [libjvm.so+0xc4a550], sa_mask[0]=11111111011111111101111111111110, sa_flags=SA_RESTART|SA_SIGINFO
SIGILL: [libjvm.so+0xee6390], sa_mask[0]=11111111011111111101111111111110, sa_flags=SA_RESTART|SA_SIGINFO
SIGUSR2: [libjvm.so+0xc4a3d0], sa_mask[0]=00100000000000000000000000000000, sa_flags=SA_RESTART|SA_SIGINFO
SIGHUP: [libjvm.so+0xc4a9b0], sa_mask[0]=11111111011111111101111111111110, sa_flags=SA_RESTART|SA_SIGINFO
SIGINT: SIG_IGN, sa_mask[0]=00000000000000000000000000000000, sa_flags=none
SIGTERM: [libjvm.so+0xc4a9b0], sa_mask[0]=11111111011111111101111111111110, sa_flags=SA_RESTART|SA_SIGINFO
SIGQUIT: [libjvm.so+0xc4a9b0], sa_mask[0]=11111111011111111101111111111110, sa_flags=SA_RESTART|SA_SIGINFO


---------------  S Y S T E M  ---------------

OS:NAME=Freedesktop.org
VERSION="21.08.12 (Flatpak runtime)"
VERSION_ID=21.08.12
ID=org.freedesktop.platform
PRETTY_NAME="Freedesktop.org 21.08.12 (Flatpak runtime)"
BUG_REPORT_URL=https://gitlab.com/freedesktop-sdk/freedesktop-sdk/issues
uname:Linux 5.13.0-40-generic #45~20.04.1-Ubuntu SMP Mon Apr 4 09:38:31 UTC 2022 x86_64
OS uptime: 0 days 1:27 hours
libc:glibc 2.33 NPTL 2.33 
rlimit (soft/hard): STACK 8192k/infinity , CORE 0k/infinity , NPROC 31107/31107 , NOFILE 1048576/1048576 , AS infinity/infinity , CPU infinity/infinity , DATA infinity/infinity , FSIZE infinity/infinity , MEMLOCK 65536k/65536k
load average:2,77 2,19 2,07

/proc/meminfo:
MemTotal:        8038156 kB
MemFree:          457864 kB
MemAvailable:    1985740 kB
Buffers:          265276 kB
Cached:          1762320 kB
SwapCached:          336 kB
Active:          1161556 kB
Inactive:        5874580 kB
Active(anon):      71484 kB
Inactive(anon):  5292468 kB
Active(file):    1090072 kB
Inactive(file):   582112 kB
Unevictable:       40940 kB
Mlocked:              40 kB
SwapTotal:       9764860 kB
SwapFree:        9755072 kB
Dirty:              1744 kB
Writeback:             0 kB
AnonPages:       5049096 kB
Mapped:           806556 kB
Shmem:            359072 kB
KReclaimable:     154836 kB
Slab:             337324 kB
SReclaimable:     154836 kB
SUnreclaim:       182488 kB
KernelStack:       19312 kB
PageTables:        46028 kB
NFS_Unstable:          0 kB
Bounce:                0 kB
WritebackTmp:          0 kB
CommitLimit:    13783936 kB
Committed_AS:   13252268 kB
VmallocTotal:   34359738367 kB
VmallocUsed:       57168 kB
VmallocChunk:          0 kB
Percpu:            11936 kB
HardwareCorrupted:     0 kB
AnonHugePages:         0 kB
ShmemHugePages:        0 kB
ShmemPmdMapped:        0 kB
FileHugePages:         0 kB
FilePmdMapped:         0 kB
HugePages_Total:       0
HugePages_Free:        0
HugePages_Rsvd:        0
HugePages_Surp:        0
Hugepagesize:       2048 kB
Hugetlb:               0 kB
DirectMap4k:      368380 kB
DirectMap2M:     7917568 kB

/sys/kernel/mm/transparent_hugepage/enabled:
<Not Available>
/sys/kernel/mm/transparent_hugepage/defrag (defrag/compaction efforts parameter):
<Not Available>

Process Memory:
Virtual Size: 5498724K (peak: 5500152K)
Resident Set Size: 212620K (peak: 212620K) (anon: 191432K, file: 21156K, shmem: 32K)
Swapped out: 0K
C-Heap outstanding allocations: 42644K

/proc/sys/kernel/threads-max (system-wide limit on the number of threads):
62215
/proc/sys/vm/max_map_count (maximum number of memory map areas a process may have):
65530
/proc/sys/kernel/pid_max (system-wide limit on number of process identifiers):
4194304

Steal ticks since vm start: 0
Steal ticks percentage since vm start:  0,000

CPU:total 8 (initial active 8) (4 cores per cpu, 2 threads per core) family 6 model 58 stepping 9 microcode 0x21, cmov, cx8, fxsr, mmx, sse, sse2, sse3, ssse3, sse4.1, sse4.2, popcnt, avx, aes, clmul, erms, ht, tsc, tscinvbit, tscinv
CPU Model and flags from /proc/cpuinfo:
model name	: Intel(R) Core(TM) i7-3630QM CPU @ 2.40GHz
flags		: fpu vme de pse tsc msr pae mce cx8 apic sep mtrr pge mca cmov pat pse36 clflush dts acpi mmx fxsr sse sse2 ss ht tm pbe syscall nx rdtscp lm constant_tsc arch_perfmon pebs bts rep_good nopl xtopology nonstop_tsc cpuid aperfmperf pni pclmulqdq dtes64 monitor ds_cpl vmx est tm2 ssse3 cx16 xtpr pdcm pcid sse4_1 sse4_2 x2apic popcnt tsc_deadline_timer aes xsave avx f16c rdrand lahf_lm cpuid_fault epb pti ssbd ibrs ibpb stibp tpr_shadow vnmi flexpriority ept vpid fsgsbase smep erms xsaveopt dtherm ida arat pln pts md_clear flush_l1d
Online cpus:
0-7
Offline cpus:

BIOS frequency limitation:
<Not Available>
Frequency switch latency (ns):
20000
Available cpu frequencies:
<Not Available>
Current governor:
ondemand
Core performance/turbo boost:
<Not Available>

Memory: 4k page, physical 8038156k(457864k free), swap 9764860k(9755072k free)

vm_info: OpenJDK 64-Bit Server VM (11.0.14+8) for linux-amd64 JRE (11.0.14+8), built on Jan 12 2022 23:30:55 by "buildbot" with gcc 11.2.0

END.
